Aug 11, 2010 2:50:55 PM org.apache.catalina.core.ApplicationContext log
INFO: Initializing Spring root WebApplicationContext
Aug 11, 2010 2:50:55 PM org.apache.catalina.core.StandardContext listenerStart
SEVERE: Exception sending context initialized event to listener instance of class org.springframework.web.context.ContextLoaderListener
org.springframework.beans.factory.xml.XmlBeanDefinitionStoreException: Line 11 in XML document from class path resource [security-context.xml] is invalid; nested exception is org.xml.sax.SAXParseException: cvc-complex-type.2.4.a: Invalid content was found starting with element 'intercept-url'. One of '{"http://www.springframework.org/schema/security":intercept-url, "http://www.springframework.org/schema/security":access-denied-handler, "http://www.springframework.org/schema/security":form-login, "http://www.springframework.org/schema/security":openid-login, "http://www.springframework.org/schema/security":x509, "http://www.springframework.org/schema/security":http-basic, "http://www.springframework.org/schema/security":logout, "http://www.springframework.org/schema/security":session-management, "http://www.springframework.org/schema/security":remember-me, "http://www.springframework.org/schema/security":anonymous, "http://www.springframework.org/schema/security":port-mappings, "http://www.springframework.org/schema/security":custom-filter, "http://www.springframework.org/schema/security":request-cache}' is expected.
	at org.springframework.beans.factory.xml.XmlBeanDefinitionReader.doLoadBeanDefinitions(XmlBeanDefinitionReader.java:396)
	at org.springframework.beans.factory.xml.XmlBeanDefinitionReader.loadBeanDefinitions(XmlBeanDefinitionReader.java:334)
	at org.springframework.beans.factory.xml.XmlBeanDefinitionReader.loadBeanDefinitions(XmlBeanDefinitionReader.java:302)
	at org.springframework.beans.factory.support.AbstractBeanDefinitionReader.loadBeanDefinitions(AbstractBeanDefinitionReader.java:143)
	at org.springframework.beans.factory.support.AbstractBeanDefinitionReader.loadBeanDefinitions(AbstractBeanDefinitionReader.java:178)
	at org.springframework.beans.factory.support.AbstractBeanDefinitionReader.loadBeanDefinitions(AbstractBeanDefinitionReader.java:149)
	at org.springframework.web.context.support.XmlWebApplicationContext.loadBeanDefinitions(XmlWebApplicationContext.java:124)
	at org.springframework.web.context.support.XmlWebApplicationContext.loadBeanDefinitions(XmlWebApplicationContext.java:93)
	at org.springframework.context.support.AbstractRefreshableApplicationContext.refreshBeanFactory(AbstractRefreshableApplicationContext.java:130)
	at org.springframework.context.support.AbstractApplicationContext.obtainFreshBeanFactory(AbstractApplicationContext.java:467)
	at org.springframework.context.support.AbstractApplicationContext.refresh(AbstractApplicationContext.java:397)
	at org.springframework.web.context.ContextLoader.createWebApplicationContext(ContextLoader.java:276)
	at org.springframework.web.context.ContextLoader.initWebApplicationContext(ContextLoader.java:197)
	at org.springframework.web.context.ContextLoaderListener.contextInitialized(ContextLoaderListener.java:47)
	at org.apache.catalina.core.StandardContext.listenerStart(StandardContext.java:3934)
	at org.apache.catalina.core.StandardContext.start(StandardContext.java:4429)
	at org.apache.catalina.core.ContainerBase.addChildInternal(ContainerBase.java:791)
	at org.apache.catalina.core.ContainerBase.addChild(ContainerBase.java:771)
	at org.apache.catalina.core.StandardHost.addChild(StandardHost.java:526)
	at org.apache.catalina.startup.HostConfig.deployWAR(HostConfig.java:850)
	at org.apache.catalina.startup.HostConfig.deployWARs(HostConfig.java:724)
	at org.apache.catalina.startup.HostConfig.deployApps(HostConfig.java:493)
	at org.apache.catalina.startup.HostConfig.start(HostConfig.java:1206)
	at org.apache.catalina.startup.HostConfig.lifecycleEvent(HostConfig.java:314)
	at org.apache.catalina.util.LifecycleSupport.fireLifecycleEvent(LifecycleSupport.java:119)
	at org.apache.catalina.core.ContainerBase.start(ContainerBase.java:1053)
	at org.apache.catalina.core.StandardHost.start(StandardHost.java:722)
	at org.apache.catalina.core.ContainerBase.start(ContainerBase.java:1045)
	at org.apache.catalina.core.StandardEngine.start(StandardEngine.java:443)
	at org.apache.catalina.core.StandardService.start(StandardService.java:516)
	at org.apache.catalina.core.StandardServer.start(StandardServer.java:710)
	at org.apache.catalina.startup.Catalina.start(Catalina.java:583)
	at sun.reflect.NativeMethodAccessorImpl.invoke0(Native Method)
	at sun.reflect.NativeMethodAccessorImpl.invoke(NativeMethodAccessorImpl.java:39)
	at sun.reflect.DelegatingMethodAccessorImpl.invoke(DelegatingMethodAccessorImpl.java:25)
	at java.lang.reflect.Method.invoke(Method.java:597)
	at org.apache.catalina.startup.Bootstrap.start(Bootstrap.java:288)
	at org.apache.catalina.startup.Bootstrap.main(Bootstrap.java:413)
Caused by: org.xml.sax.SAXParseException: cvc-complex-type.2.4.a: Invalid content was found starting with element 'intercept-url'. One of '{"http://www.springframework.org/schema/security":intercept-url, "http://www.springframework.org/schema/security":access-denied-handler, "http://www.springframework.org/schema/security":form-login, "http://www.springframework.org/schema/security":openid-login, "http://www.springframework.org/schema/security":x509, "http://www.springframework.org/schema/security":http-basic, "http://www.springframework.org/schema/security":logout, "http://www.springframework.org/schema/security":session-management, "http://www.springframework.org/schema/security":remember-me, "http://www.springframework.org/schema/security":anonymous, "http://www.springframework.org/schema/security":port-mappings, "http://www.springframework.org/schema/security":custom-filter, "http://www.springframework.org/schema/security":request-cache}' is expected.
	at com.sun.org.apache.xerces.internal.util.ErrorHandlerWrapper.createSAXParseException(ErrorHandlerWrapper.java:195)
	at com.sun.org.apache.xerces.internal.util.ErrorHandlerWrapper.error(ErrorHandlerWrapper.java:131)
	at com.sun.org.apache.xerces.internal.impl.XMLErrorReporter.reportError(XMLErrorReporter.java:384)
	at com.sun.org.apache.xerces.internal.impl.XMLErrorReporter.reportError(XMLErrorReporter.java:318)
	at com.sun.org.apache.xerces.internal.impl.xs.XMLSchemaValidator$XSIErrorReporter.reportError(XMLSchemaValidator.java:417)
	at com.sun.org.apache.xerces.internal.impl.xs.XMLSchemaValidator.reportSchemaError(XMLSchemaValidator.java:3181)
	at com.sun.org.apache.xerces.internal.impl.xs.XMLSchemaValidator.handleStartElement(XMLSchemaValidator.java:1805)
	at com.sun.org.apache.xerces.internal.impl.xs.XMLSchemaValidator.emptyElement(XMLSchemaValidator.java:725)
	at com.sun.org.apache.xerces.internal.impl.XMLNSDocumentScannerImpl.scanStartElement(XMLNSDocumentScannerImpl.java:377)
	at com.sun.org.apache.xerces.internal.impl.XMLDocumentFragmentScannerImpl$FragmentContentDriver.next(XMLDocumentFragmentScannerImpl.java:2755)
	at com.sun.org.apache.xerces.internal.impl.XMLDocumentScannerImpl.next(XMLDocumentScannerImpl.java:648)
	at com.sun.org.apache.xerces.internal.impl.XMLNSDocumentScannerImpl.next(XMLNSDocumentScannerImpl.java:140)
	at com.sun.org.apache.xerces.internal.impl.XMLDocumentFragmentScannerImpl.scanDocument(XMLDocumentFragmentScannerImpl.java:511)
	at com.sun.org.apache.xerces.internal.parsers.XML11Configuration.parse(XML11Configuration.java:808)
	at com.sun.org.apache.xerces.internal.parsers.XML11Configuration.parse(XML11Configuration.java:737)
	at com.sun.org.apache.xerces.internal.parsers.XMLParser.parse(XMLParser.java:119)
	at com.sun.org.apache.xerces.internal.parsers.DOMParser.parse(DOMParser.java:235)
	at com.sun.org.apache.xerces.internal.jaxp.DocumentBuilderImpl.parse(DocumentBuilderImpl.java:284)
	at org.springframework.beans.factory.xml.DefaultDocumentLoader.loadDocument(DefaultDocumentLoader.java:75)
	at org.springframework.beans.factory.xml.XmlBeanDefinitionReader.doLoadBeanDefinitions(XmlBeanDefinitionReader.java:388)
	... 37 more
Aug 11, 2010 2:50:55 PM org.apache.catalina.core.ApplicationContext log
INFO: Set web app root system property: 'webapp.root' = [/Users/benhoskins/Code/java/Packages/apache/tomcat/6.0.20/webapps/StoryBoardBacklog/]
Aug 11, 2010 2:50:55 PM org.apache.catalina.core.ApplicationContext log
INFO: Initializing log4j from [classpath:log4j.properties]
Aug 11, 2010 2:50:55 PM org.apache.catalina.core.ApplicationContext log
INFO: Shutting down log4j
Aug 11, 2010 2:50:55 PM org.apache.catalina.core.ApplicationContext log
INFO: Closing Spring root WebApplicationContext
Aug 11, 2010 2:50:55 PM org.apache.catalina.core.ApplicationContext log
INFO: ContextListener: contextInitialized()
Aug 11, 2010 2:50:55 PM org.apache.catalina.core.ApplicationContext log
INFO: SessionListener: contextInitialized()
Aug 11, 2010 2:51:10 PM org.apache.catalina.core.ApplicationContext log
INFO: Initializing Spring root WebApplicationContext
Aug 11, 2010 2:51:10 PM org.apache.catalina.core.StandardContext listenerStart
SEVERE: Exception sending context initialized event to listener instance of class org.springframework.web.context.ContextLoaderListener
org.springframework.beans.factory.xml.XmlBeanDefinitionStoreException: Line 11 in XML document from class path resource [security-context.xml] is invalid; nested exception is org.xml.sax.SAXParseException: cvc-complex-type.2.4.a: Invalid content was found starting with element 'intercept-url'. One of '{"http://www.springframework.org/schema/security":intercept-url, "http://www.springframework.org/schema/security":access-denied-handler, "http://www.springframework.org/schema/security":form-login, "http://www.springframework.org/schema/security":openid-login, "http://www.springframework.org/schema/security":x509, "http://www.springframework.org/schema/security":http-basic, "http://www.springframework.org/schema/security":logout, "http://www.springframework.org/schema/security":session-management, "http://www.springframework.org/schema/security":remember-me, "http://www.springframework.org/schema/security":anonymous, "http://www.springframework.org/schema/security":port-mappings, "http://www.springframework.org/schema/security":custom-filter, "http://www.springframework.org/schema/security":request-cache}' is expected.
	at org.springframework.beans.factory.xml.XmlBeanDefinitionReader.doLoadBeanDefinitions(XmlBeanDefinitionReader.java:396)
	at org.springframework.beans.factory.xml.XmlBeanDefinitionReader.loadBeanDefinitions(XmlBeanDefinitionReader.java:334)
	at org.springframework.beans.factory.xml.XmlBeanDefinitionReader.loadBeanDefinitions(XmlBeanDefinitionReader.java:302)
	at org.springframework.beans.factory.support.AbstractBeanDefinitionReader.loadBeanDefinitions(AbstractBeanDefinitionReader.java:143)
	at org.springframework.beans.factory.support.AbstractBeanDefinitionReader.loadBeanDefinitions(AbstractBeanDefinitionReader.java:178)
	at org.springframework.beans.factory.support.AbstractBeanDefinitionReader.loadBeanDefinitions(AbstractBeanDefinitionReader.java:149)
	at org.springframework.web.context.support.XmlWebApplicationContext.loadBeanDefinitions(XmlWebApplicationContext.java:124)
	at org.springframework.web.context.support.XmlWebApplicationContext.loadBeanDefinitions(XmlWebApplicationContext.java:93)
	at org.springframework.context.support.AbstractRefreshableApplicationContext.refreshBeanFactory(AbstractRefreshableApplicationContext.java:130)
	at org.springframework.context.support.AbstractApplicationContext.obtainFreshBeanFactory(AbstractApplicationContext.java:467)
	at org.springframework.context.support.AbstractApplicationContext.refresh(AbstractApplicationContext.java:397)
	at org.springframework.web.context.ContextLoader.createWebApplicationContext(ContextLoader.java:276)
	at org.springframework.web.context.ContextLoader.initWebApplicationContext(ContextLoader.java:197)
	at org.springframework.web.context.ContextLoaderListener.contextInitialized(ContextLoaderListener.java:47)
	at org.apache.catalina.core.StandardContext.listenerStart(StandardContext.java:3934)
	at org.apache.catalina.core.StandardContext.start(StandardContext.java:4429)
	at org.apache.catalina.core.ContainerBase.addChildInternal(ContainerBase.java:791)
	at org.apache.catalina.core.ContainerBase.addChild(ContainerBase.java:771)
	at org.apache.catalina.core.StandardHost.addChild(StandardHost.java:526)
	at org.apache.catalina.startup.HostConfig.deployWAR(HostConfig.java:850)
	at org.apache.catalina.startup.HostConfig.deployApps(HostConfig.java:518)
	at org.apache.catalina.startup.HostConfig.check(HostConfig.java:1288)
	at sun.reflect.NativeMethodAccessorImpl.invoke0(Native Method)
	at sun.reflect.NativeMethodAccessorImpl.invoke(NativeMethodAccessorImpl.java:39)
	at sun.reflect.DelegatingMethodAccessorImpl.invoke(DelegatingMethodAccessorImpl.java:25)
	at java.lang.reflect.Method.invoke(Method.java:597)
	at org.apache.tomcat.util.modeler.BaseModelMBean.invoke(BaseModelMBean.java:297)
	at com.sun.jmx.interceptor.DefaultMBeanServerInterceptor.invoke(DefaultMBeanServerInterceptor.java:836)
	at com.sun.jmx.mbeanserver.JmxMBeanServer.invoke(JmxMBeanServer.java:761)
	at org.apache.catalina.manager.ManagerServlet.check(ManagerServlet.java:1473)
	at org.apache.catalina.manager.HTMLManagerServlet.doPost(HTMLManagerServlet.java:250)
	at javax.servlet.http.HttpServlet.service(HttpServlet.java:637)
	at javax.servlet.http.HttpServlet.service(HttpServlet.java:717)
	at org.apache.catalina.core.ApplicationFilterChain.internalDoFilter(ApplicationFilterChain.java:290)
	at org.apache.catalina.core.ApplicationFilterChain.doFilter(ApplicationFilterChain.java:206)
	at org.apache.catalina.core.StandardWrapperValve.invoke(StandardWrapperValve.java:233)
	at org.apache.catalina.core.StandardContextValve.invoke(StandardContextValve.java:191)
	at org.apache.catalina.authenticator.AuthenticatorBase.invoke(AuthenticatorBase.java:525)
	at org.apache.catalina.core.StandardHostValve.invoke(StandardHostValve.java:128)
	at org.apache.catalina.valves.ErrorReportValve.invoke(ErrorReportValve.java:102)
	at org.apache.catalina.core.StandardEngineValve.invoke(StandardEngineValve.java:109)
	at org.apache.catalina.connector.CoyoteAdapter.service(CoyoteAdapter.java:293)
	at org.apache.coyote.http11.Http11Processor.process(Http11Processor.java:849)
	at org.apache.coyote.http11.Http11Protocol$Http11ConnectionHandler.process(Http11Protocol.java:583)
	at org.apache.tomcat.util.net.JIoEndpoint$Worker.run(JIoEndpoint.java:454)
	at java.lang.Thread.run(Thread.java:637)
Caused by: org.xml.sax.SAXParseException: cvc-complex-type.2.4.a: Invalid content was found starting with element 'intercept-url'. One of '{"http://www.springframework.org/schema/security":intercept-url, "http://www.springframework.org/schema/security":access-denied-handler, "http://www.springframework.org/schema/security":form-login, "http://www.springframework.org/schema/security":openid-login, "http://www.springframework.org/schema/security":x509, "http://www.springframework.org/schema/security":http-basic, "http://www.springframework.org/schema/security":logout, "http://www.springframework.org/schema/security":session-management, "http://www.springframework.org/schema/security":remember-me, "http://www.springframework.org/schema/security":anonymous, "http://www.springframework.org/schema/security":port-mappings, "http://www.springframework.org/schema/security":custom-filter, "http://www.springframework.org/schema/security":request-cache}' is expected.
	at com.sun.org.apache.xerces.internal.util.ErrorHandlerWrapper.createSAXParseException(ErrorHandlerWrapper.java:195)
	at com.sun.org.apache.xerces.internal.util.ErrorHandlerWrapper.error(ErrorHandlerWrapper.java:131)
	at com.sun.org.apache.xerces.internal.impl.XMLErrorReporter.reportError(XMLErrorReporter.java:384)
	at com.sun.org.apache.xerces.internal.impl.XMLErrorReporter.reportError(XMLErrorReporter.java:318)
	at com.sun.org.apache.xerces.internal.impl.xs.XMLSchemaValidator$XSIErrorReporter.reportError(XMLSchemaValidator.java:417)
	at com.sun.org.apache.xerces.internal.impl.xs.XMLSchemaValidator.reportSchemaError(XMLSchemaValidator.java:3181)
	at com.sun.org.apache.xerces.internal.impl.xs.XMLSchemaValidator.handleStartElement(XMLSchemaValidator.java:1805)
	at com.sun.org.apache.xerces.internal.impl.xs.XMLSchemaValidator.emptyElement(XMLSchemaValidator.java:725)
	at com.sun.org.apache.xerces.internal.impl.XMLNSDocumentScannerImpl.scanStartElement(XMLNSDocumentScannerImpl.java:377)
	at com.sun.org.apache.xerces.internal.impl.XMLDocumentFragmentScannerImpl$FragmentContentDriver.next(XMLDocumentFragmentScannerImpl.java:2755)
	at com.sun.org.apache.xerces.internal.impl.XMLDocumentScannerImpl.next(XMLDocumentScannerImpl.java:648)
	at com.sun.org.apache.xerces.internal.impl.XMLNSDocumentScannerImpl.next(XMLNSDocumentScannerImpl.java:140)
	at com.sun.org.apache.xerces.internal.impl.XMLDocumentFragmentScannerImpl.scanDocument(XMLDocumentFragmentScannerImpl.java:511)
	at com.sun.org.apache.xerces.internal.parsers.XML11Configuration.parse(XML11Configuration.java:808)
	at com.sun.org.apache.xerces.internal.parsers.XML11Configuration.parse(XML11Configuration.java:737)
	at com.sun.org.apache.xerces.internal.parsers.XMLParser.parse(XMLParser.java:119)
	at com.sun.org.apache.xerces.internal.parsers.DOMParser.parse(DOMParser.java:235)
	at com.sun.org.apache.xerces.internal.jaxp.DocumentBuilderImpl.parse(DocumentBuilderImpl.java:284)
	at org.springframework.beans.factory.xml.DefaultDocumentLoader.loadDocument(DefaultDocumentLoader.java:75)
	at org.springframework.beans.factory.xml.XmlBeanDefinitionReader.doLoadBeanDefinitions(XmlBeanDefinitionReader.java:388)
	... 45 more
Aug 11, 2010 2:51:10 PM org.apache.catalina.core.ApplicationContext log
INFO: Set web app root system property: 'webapp.root' = [/Users/benhoskins/Code/java/Packages/apache/tomcat/6.0.20/webapps/StoryBoardBacklog/]
Aug 11, 2010 2:51:10 PM org.apache.catalina.core.ApplicationContext log
INFO: Initializing log4j from [classpath:log4j.properties]
Aug 11, 2010 2:51:10 PM org.apache.catalina.core.ApplicationContext log
INFO: Shutting down log4j
Aug 11, 2010 2:51:10 PM org.apache.catalina.core.ApplicationContext log
INFO: Closing Spring root WebApplicationContext
Aug 11, 2010 2:51:16 PM org.apache.catalina.core.ApplicationContext log
INFO: Initializing Spring root WebApplicationContext
Aug 11, 2010 2:51:16 PM org.apache.catalina.core.StandardContext listenerStart
SEVERE: Exception sending context initialized event to listener instance of class org.springframework.web.context.ContextLoaderListener
org.springframework.beans.factory.xml.XmlBeanDefinitionStoreException: Line 11 in XML document from class path resource [security-context.xml] is invalid; nested exception is org.xml.sax.SAXParseException: cvc-complex-type.2.4.a: Invalid content was found starting with element 'intercept-url'. One of '{"http://www.springframework.org/schema/security":intercept-url, "http://www.springframework.org/schema/security":access-denied-handler, "http://www.springframework.org/schema/security":form-login, "http://www.springframework.org/schema/security":openid-login, "http://www.springframework.org/schema/security":x509, "http://www.springframework.org/schema/security":http-basic, "http://www.springframework.org/schema/security":logout, "http://www.springframework.org/schema/security":session-management, "http://www.springframework.org/schema/security":remember-me, "http://www.springframework.org/schema/security":anonymous, "http://www.springframework.org/schema/security":port-mappings, "http://www.springframework.org/schema/security":custom-filter, "http://www.springframework.org/schema/security":request-cache}' is expected.
	at org.springframework.beans.factory.xml.XmlBeanDefinitionReader.doLoadBeanDefinitions(XmlBeanDefinitionReader.java:396)
	at org.springframework.beans.factory.xml.XmlBeanDefinitionReader.loadBeanDefinitions(XmlBeanDefinitionReader.java:334)
	at org.springframework.beans.factory.xml.XmlBeanDefinitionReader.loadBeanDefinitions(XmlBeanDefinitionReader.java:302)
	at org.springframework.beans.factory.support.AbstractBeanDefinitionReader.loadBeanDefinitions(AbstractBeanDefinitionReader.java:143)
	at org.springframework.beans.factory.support.AbstractBeanDefinitionReader.loadBeanDefinitions(AbstractBeanDefinitionReader.java:178)
	at org.springframework.beans.factory.support.AbstractBeanDefinitionReader.loadBeanDefinitions(AbstractBeanDefinitionReader.java:149)
	at org.springframework.web.context.support.XmlWebApplicationContext.loadBeanDefinitions(XmlWebApplicationContext.java:124)
	at org.springframework.web.context.support.XmlWebApplicationContext.loadBeanDefinitions(XmlWebApplicationContext.java:93)
	at org.springframework.context.support.AbstractRefreshableApplicationContext.refreshBeanFactory(AbstractRefreshableApplicationContext.java:130)
	at org.springframework.context.support.AbstractApplicationContext.obtainFreshBeanFactory(AbstractApplicationContext.java:467)
	at org.springframework.context.support.AbstractApplicationContext.refresh(AbstractApplicationContext.java:397)
	at org.springframework.web.context.ContextLoader.createWebApplicationContext(ContextLoader.java:276)
	at org.springframework.web.context.ContextLoader.initWebApplicationContext(ContextLoader.java:197)
	at org.springframework.web.context.ContextLoaderListener.contextInitialized(ContextLoaderListener.java:47)
	at org.apache.catalina.core.StandardContext.listenerStart(StandardContext.java:3934)
	at org.apache.catalina.core.StandardContext.start(StandardContext.java:4429)
	at org.apache.catalina.manager.ManagerServlet.start(ManagerServlet.java:1249)
	at org.apache.catalina.manager.HTMLManagerServlet.start(HTMLManagerServlet.java:612)
	at org.apache.catalina.manager.HTMLManagerServlet.doGet(HTMLManagerServlet.java:136)
	at javax.servlet.http.HttpServlet.service(HttpServlet.java:617)
	at javax.servlet.http.HttpServlet.service(HttpServlet.java:717)
	at org.apache.catalina.core.ApplicationFilterChain.internalDoFilter(ApplicationFilterChain.java:290)
	at org.apache.catalina.core.ApplicationFilterChain.doFilter(ApplicationFilterChain.java:206)
	at org.apache.catalina.core.StandardWrapperValve.invoke(StandardWrapperValve.java:233)
	at org.apache.catalina.core.StandardContextValve.invoke(StandardContextValve.java:191)
	at org.apache.catalina.authenticator.AuthenticatorBase.invoke(AuthenticatorBase.java:525)
	at org.apache.catalina.core.StandardHostValve.invoke(StandardHostValve.java:128)
	at org.apache.catalina.valves.ErrorReportValve.invoke(ErrorReportValve.java:102)
	at org.apache.catalina.core.StandardEngineValve.invoke(StandardEngineValve.java:109)
	at org.apache.catalina.connector.CoyoteAdapter.service(CoyoteAdapter.java:293)
	at org.apache.coyote.http11.Http11Processor.process(Http11Processor.java:849)
	at org.apache.coyote.http11.Http11Protocol$Http11ConnectionHandler.process(Http11Protocol.java:583)
	at org.apache.tomcat.util.net.JIoEndpoint$Worker.run(JIoEndpoint.java:454)
	at java.lang.Thread.run(Thread.java:637)
Caused by: org.xml.sax.SAXParseException: cvc-complex-type.2.4.a: Invalid content was found starting with element 'intercept-url'. One of '{"http://www.springframework.org/schema/security":intercept-url, "http://www.springframework.org/schema/security":access-denied-handler, "http://www.springframework.org/schema/security":form-login, "http://www.springframework.org/schema/security":openid-login, "http://www.springframework.org/schema/security":x509, "http://www.springframework.org/schema/security":http-basic, "http://www.springframework.org/schema/security":logout, "http://www.springframework.org/schema/security":session-management, "http://www.springframework.org/schema/security":remember-me, "http://www.springframework.org/schema/security":anonymous, "http://www.springframework.org/schema/security":port-mappings, "http://www.springframework.org/schema/security":custom-filter, "http://www.springframework.org/schema/security":request-cache}' is expected.
	at com.sun.org.apache.xerces.internal.util.ErrorHandlerWrapper.createSAXParseException(ErrorHandlerWrapper.java:195)
	at com.sun.org.apache.xerces.internal.util.ErrorHandlerWrapper.error(ErrorHandlerWrapper.java:131)
	at com.sun.org.apache.xerces.internal.impl.XMLErrorReporter.reportError(XMLErrorReporter.java:384)
	at com.sun.org.apache.xerces.internal.impl.XMLErrorReporter.reportError(XMLErrorReporter.java:318)
	at com.sun.org.apache.xerces.internal.impl.xs.XMLSchemaValidator$XSIErrorReporter.reportError(XMLSchemaValidator.java:417)
	at com.sun.org.apache.xerces.internal.impl.xs.XMLSchemaValidator.reportSchemaError(XMLSchemaValidator.java:3181)
	at com.sun.org.apache.xerces.internal.impl.xs.XMLSchemaValidator.handleStartElement(XMLSchemaValidator.java:1805)
	at com.sun.org.apache.xerces.internal.impl.xs.XMLSchemaValidator.emptyElement(XMLSchemaValidator.java:725)
	at com.sun.org.apache.xerces.internal.impl.XMLNSDocumentScannerImpl.scanStartElement(XMLNSDocumentScannerImpl.java:377)
	at com.sun.org.apache.xerces.internal.impl.XMLDocumentFragmentScannerImpl$FragmentContentDriver.next(XMLDocumentFragmentScannerImpl.java:2755)
	at com.sun.org.apache.xerces.internal.impl.XMLDocumentScannerImpl.next(XMLDocumentScannerImpl.java:648)
	at com.sun.org.apache.xerces.internal.impl.XMLNSDocumentScannerImpl.next(XMLNSDocumentScannerImpl.java:140)
	at com.sun.org.apache.xerces.internal.impl.XMLDocumentFragmentScannerImpl.scanDocument(XMLDocumentFragmentScannerImpl.java:511)
	at com.sun.org.apache.xerces.internal.parsers.XML11Configuration.parse(XML11Configuration.java:808)
	at com.sun.org.apache.xerces.internal.parsers.XML11Configuration.parse(XML11Configuration.java:737)
	at com.sun.org.apache.xerces.internal.parsers.XMLParser.parse(XMLParser.java:119)
	at com.sun.org.apache.xerces.internal.parsers.DOMParser.parse(DOMParser.java:235)
	at com.sun.org.apache.xerces.internal.jaxp.DocumentBuilderImpl.parse(DocumentBuilderImpl.java:284)
	at org.springframework.beans.factory.xml.DefaultDocumentLoader.loadDocument(DefaultDocumentLoader.java:75)
	at org.springframework.beans.factory.xml.XmlBeanDefinitionReader.doLoadBeanDefinitions(XmlBeanDefinitionReader.java:388)
	... 33 more
Aug 11, 2010 2:51:16 PM org.apache.catalina.core.ApplicationContext log
INFO: Set web app root system property: 'webapp.root' = [/Users/benhoskins/Code/java/Packages/apache/tomcat/6.0.20/webapps/StoryBoardBacklog/]
Aug 11, 2010 2:51:16 PM org.apache.catalina.core.ApplicationContext log
INFO: Initializing log4j from [classpath:log4j.properties]
Aug 11, 2010 2:51:16 PM org.apache.catalina.core.ApplicationContext log
INFO: Shutting down log4j
Aug 11, 2010 2:51:16 PM org.apache.catalina.core.ApplicationContext log
INFO: Closing Spring root WebApplicationContext
Aug 11, 2010 2:52:05 PM org.apache.catalina.core.ApplicationContext log
INFO: SessionListener: contextDestroyed()
Aug 11, 2010 2:52:05 PM org.apache.catalina.core.ApplicationContext log
INFO: ContextListener: contextDestroyed()
Aug 11, 2010 2:52:13 PM org.apache.catalina.core.ApplicationContext log
INFO: Initializing Spring root WebApplicationContext
Aug 11, 2010 2:52:14 PM org.apache.catalina.core.StandardContext listenerStart
SEVERE: Exception sending context initialized event to listener instance of class org.springframework.web.context.ContextLoaderListener
org.springframework.beans.factory.xml.XmlBeanDefinitionStoreException: Line 11 in XML document from class path resource [security-context.xml] is invalid; nested exception is org.xml.sax.SAXParseException: cvc-complex-type.2.4.a: Invalid content was found starting with element 'intercept-url'. One of '{"http://www.springframework.org/schema/security":intercept-url, "http://www.springframework.org/schema/security":access-denied-handler, "http://www.springframework.org/schema/security":form-login, "http://www.springframework.org/schema/security":openid-login, "http://www.springframework.org/schema/security":x509, "http://www.springframework.org/schema/security":http-basic, "http://www.springframework.org/schema/security":logout, "http://www.springframework.org/schema/security":session-management, "http://www.springframework.org/schema/security":remember-me, "http://www.springframework.org/schema/security":anonymous, "http://www.springframework.org/schema/security":port-mappings, "http://www.springframework.org/schema/security":custom-filter, "http://www.springframework.org/schema/security":request-cache}' is expected.
	at org.springframework.beans.factory.xml.XmlBeanDefinitionReader.doLoadBeanDefinitions(XmlBeanDefinitionReader.java:396)
	at org.springframework.beans.factory.xml.XmlBeanDefinitionReader.loadBeanDefinitions(XmlBeanDefinitionReader.java:334)
	at org.springframework.beans.factory.xml.XmlBeanDefinitionReader.loadBeanDefinitions(XmlBeanDefinitionReader.java:302)
	at org.springframework.beans.factory.support.AbstractBeanDefinitionReader.loadBeanDefinitions(AbstractBeanDefinitionReader.java:143)
	at org.springframework.beans.factory.support.AbstractBeanDefinitionReader.loadBeanDefinitions(AbstractBeanDefinitionReader.java:178)
	at org.springframework.beans.factory.support.AbstractBeanDefinitionReader.loadBeanDefinitions(AbstractBeanDefinitionReader.java:149)
	at org.springframework.web.context.support.XmlWebApplicationContext.loadBeanDefinitions(XmlWebApplicationContext.java:124)
	at org.springframework.web.context.support.XmlWebApplicationContext.loadBeanDefinitions(XmlWebApplicationContext.java:93)
	at org.springframework.context.support.AbstractRefreshableApplicationContext.refreshBeanFactory(AbstractRefreshableApplicationContext.java:130)
	at org.springframework.context.support.AbstractApplicationContext.obtainFreshBeanFactory(AbstractApplicationContext.java:467)
	at org.springframework.context.support.AbstractApplicationContext.refresh(AbstractApplicationContext.java:397)
	at org.springframework.web.context.ContextLoader.createWebApplicationContext(ContextLoader.java:276)
	at org.springframework.web.context.ContextLoader.initWebApplicationContext(ContextLoader.java:197)
	at org.springframework.web.context.ContextLoaderListener.contextInitialized(ContextLoaderListener.java:47)
	at org.apache.catalina.core.StandardContext.listenerStart(StandardContext.java:3934)
	at org.apache.catalina.core.StandardContext.start(StandardContext.java:4429)
	at org.apache.catalina.core.ContainerBase.addChildInternal(ContainerBase.java:791)
	at org.apache.catalina.core.ContainerBase.addChild(ContainerBase.java:771)
	at org.apache.catalina.core.StandardHost.addChild(StandardHost.java:526)
	at org.apache.catalina.startup.HostConfig.deployWAR(HostConfig.java:850)
	at org.apache.catalina.startup.HostConfig.deployWARs(HostConfig.java:724)
	at org.apache.catalina.startup.HostConfig.deployApps(HostConfig.java:493)
	at org.apache.catalina.startup.HostConfig.start(HostConfig.java:1206)
	at org.apache.catalina.startup.HostConfig.lifecycleEvent(HostConfig.java:314)
	at org.apache.catalina.util.LifecycleSupport.fireLifecycleEvent(LifecycleSupport.java:119)
	at org.apache.catalina.core.ContainerBase.start(ContainerBase.java:1053)
	at org.apache.catalina.core.StandardHost.start(StandardHost.java:722)
	at org.apache.catalina.core.ContainerBase.start(ContainerBase.java:1045)
	at org.apache.catalina.core.StandardEngine.start(StandardEngine.java:443)
	at org.apache.catalina.core.StandardService.start(StandardService.java:516)
	at org.apache.catalina.core.StandardServer.start(StandardServer.java:710)
	at org.apache.catalina.startup.Catalina.start(Catalina.java:583)
	at sun.reflect.NativeMethodAccessorImpl.invoke0(Native Method)
	at sun.reflect.NativeMethodAccessorImpl.invoke(NativeMethodAccessorImpl.java:39)
	at sun.reflect.DelegatingMethodAccessorImpl.invoke(DelegatingMethodAccessorImpl.java:25)
	at java.lang.reflect.Method.invoke(Method.java:597)
	at org.apache.catalina.startup.Bootstrap.start(Bootstrap.java:288)
	at org.apache.catalina.startup.Bootstrap.main(Bootstrap.java:413)
Caused by: org.xml.sax.SAXParseException: cvc-complex-type.2.4.a: Invalid content was found starting with element 'intercept-url'. One of '{"http://www.springframework.org/schema/security":intercept-url, "http://www.springframework.org/schema/security":access-denied-handler, "http://www.springframework.org/schema/security":form-login, "http://www.springframework.org/schema/security":openid-login, "http://www.springframework.org/schema/security":x509, "http://www.springframework.org/schema/security":http-basic, "http://www.springframework.org/schema/security":logout, "http://www.springframework.org/schema/security":session-management, "http://www.springframework.org/schema/security":remember-me, "http://www.springframework.org/schema/security":anonymous, "http://www.springframework.org/schema/security":port-mappings, "http://www.springframework.org/schema/security":custom-filter, "http://www.springframework.org/schema/security":request-cache}' is expected.
	at com.sun.org.apache.xerces.internal.util.ErrorHandlerWrapper.createSAXParseException(ErrorHandlerWrapper.java:195)
	at com.sun.org.apache.xerces.internal.util.ErrorHandlerWrapper.error(ErrorHandlerWrapper.java:131)
	at com.sun.org.apache.xerces.internal.impl.XMLErrorReporter.reportError(XMLErrorReporter.java:384)
	at com.sun.org.apache.xerces.internal.impl.XMLErrorReporter.reportError(XMLErrorReporter.java:318)
	at com.sun.org.apache.xerces.internal.impl.xs.XMLSchemaValidator$XSIErrorReporter.reportError(XMLSchemaValidator.java:417)
	at com.sun.org.apache.xerces.internal.impl.xs.XMLSchemaValidator.reportSchemaError(XMLSchemaValidator.java:3181)
	at com.sun.org.apache.xerces.internal.impl.xs.XMLSchemaValidator.handleStartElement(XMLSchemaValidator.java:1805)
	at com.sun.org.apache.xerces.internal.impl.xs.XMLSchemaValidator.emptyElement(XMLSchemaValidator.java:725)
	at com.sun.org.apache.xerces.internal.impl.XMLNSDocumentScannerImpl.scanStartElement(XMLNSDocumentScannerImpl.java:377)
	at com.sun.org.apache.xerces.internal.impl.XMLDocumentFragmentScannerImpl$FragmentContentDriver.next(XMLDocumentFragmentScannerImpl.java:2755)
	at com.sun.org.apache.xerces.internal.impl.XMLDocumentScannerImpl.next(XMLDocumentScannerImpl.java:648)
	at com.sun.org.apache.xerces.internal.impl.XMLNSDocumentScannerImpl.next(XMLNSDocumentScannerImpl.java:140)
	at com.sun.org.apache.xerces.internal.impl.XMLDocumentFragmentScannerImpl.scanDocument(XMLDocumentFragmentScannerImpl.java:511)
	at com.sun.org.apache.xerces.internal.parsers.XML11Configuration.parse(XML11Configuration.java:808)
	at com.sun.org.apache.xerces.internal.parsers.XML11Configuration.parse(XML11Configuration.java:737)
	at com.sun.org.apache.xerces.internal.parsers.XMLParser.parse(XMLParser.java:119)
	at com.sun.org.apache.xerces.internal.parsers.DOMParser.parse(DOMParser.java:235)
	at com.sun.org.apache.xerces.internal.jaxp.DocumentBuilderImpl.parse(DocumentBuilderImpl.java:284)
	at org.springframework.beans.factory.xml.DefaultDocumentLoader.loadDocument(DefaultDocumentLoader.java:75)
	at org.springframework.beans.factory.xml.XmlBeanDefinitionReader.doLoadBeanDefinitions(XmlBeanDefinitionReader.java:388)
	... 37 more
Aug 11, 2010 2:52:14 PM org.apache.catalina.core.ApplicationContext log
INFO: Set web app root system property: 'webapp.root' = [/Users/benhoskins/Code/java/Packages/apache/tomcat/6.0.20/webapps/StoryBoardBacklog/]
Aug 11, 2010 2:52:14 PM org.apache.catalina.core.ApplicationContext log
INFO: Initializing log4j from [classpath:log4j.properties]
Aug 11, 2010 2:52:14 PM org.apache.catalina.core.ApplicationContext log
INFO: Shutting down log4j
Aug 11, 2010 2:52:14 PM org.apache.catalina.core.ApplicationContext log
INFO: Closing Spring root WebApplicationContext
Aug 11, 2010 2:52:14 PM org.apache.catalina.core.ApplicationContext log
INFO: ContextListener: contextInitialized()
Aug 11, 2010 2:52:14 PM org.apache.catalina.core.ApplicationContext log
INFO: SessionListener: contextInitialized()
Aug 11, 2010 2:53:36 PM org.apache.catalina.core.ApplicationContext log
INFO: Initializing Spring root WebApplicationContext
Aug 11, 2010 2:53:36 PM org.apache.catalina.core.ApplicationContext log
INFO: Set web app root system property: 'webapp.root' = [/Users/benhoskins/Code/java/Packages/apache/tomcat/6.0.20/webapps/StoryBoardBacklog/]
Aug 11, 2010 2:53:36 PM org.apache.catalina.core.ApplicationContext log
INFO: Initializing log4j from [classpath:log4j.properties]
Aug 11, 2010 2:56:01 PM org.apache.catalina.core.ApplicationContext log
INFO: Shutting down log4j
Aug 11, 2010 2:56:01 PM org.apache.catalina.core.ApplicationContext log
INFO: Closing Spring root WebApplicationContext
Aug 11, 2010 2:56:57 PM org.apache.catalina.core.ApplicationContext log
INFO: Initializing Spring root WebApplicationContext
Aug 11, 2010 2:56:58 PM org.apache.catalina.core.ApplicationContext log
INFO: Set web app root system property: 'webapp.root' = [/Users/benhoskins/Code/java/Packages/apache/tomcat/6.0.20/webapps/StoryBoardBacklog/]
Aug 11, 2010 2:56:58 PM org.apache.catalina.core.ApplicationContext log
INFO: Initializing log4j from [classpath:log4j.properties]
Aug 11, 2010 3:00:39 PM org.apache.catalina.core.ApplicationContext log
INFO: Shutting down log4j
Aug 11, 2010 3:00:39 PM org.apache.catalina.core.ApplicationContext log
INFO: Closing Spring root WebApplicationContext
Aug 11, 2010 3:01:33 PM org.apache.catalina.core.ApplicationContext log
INFO: SessionListener: contextDestroyed()
Aug 11, 2010 3:01:33 PM org.apache.catalina.core.ApplicationContext log
INFO: ContextListener: contextDestroyed()
Aug 11, 2010 3:02:23 PM org.apache.catalina.core.ApplicationContext log
INFO: Initializing Spring root WebApplicationContext
Aug 11, 2010 3:02:24 PM org.apache.catalina.core.ApplicationContext log
INFO: Set web app root system property: 'webapp.root' = [/Users/benhoskins/Code/java/Packages/apache/tomcat/6.0.20/webapps/StoryBoardBacklog/]
Aug 11, 2010 3:02:24 PM org.apache.catalina.core.ApplicationContext log
INFO: Initializing log4j from [classpath:log4j.properties]
Aug 11, 2010 3:04:07 PM org.apache.catalina.core.ApplicationContext log
INFO: Shutting down log4j
Aug 11, 2010 3:04:07 PM org.apache.catalina.core.ApplicationContext log
INFO: Closing Spring root WebApplicationContext
Aug 11, 2010 3:04:13 PM org.apache.catalina.core.ApplicationContext log
INFO: Initializing Spring root WebApplicationContext
Aug 11, 2010 3:04:13 PM org.apache.catalina.core.ApplicationContext log
INFO: Set web app root system property: 'webapp.root' = [/Users/benhoskins/Code/java/Packages/apache/tomcat/6.0.20/webapps/StoryBoardBacklog/]
Aug 11, 2010 3:04:13 PM org.apache.catalina.core.ApplicationContext log
INFO: Initializing log4j from [classpath:log4j.properties]
Aug 11, 2010 3:04:23 PM org.apache.catalina.core.ApplicationContext log
INFO: Shutting down log4j
Aug 11, 2010 3:04:23 PM org.apache.catalina.core.ApplicationContext log
INFO: Closing Spring root WebApplicationContext
Aug 11, 2010 3:04:26 PM org.apache.catalina.core.ApplicationContext log
INFO: Initializing Spring root WebApplicationContext
Aug 11, 2010 3:04:27 PM org.apache.catalina.core.ApplicationContext log
INFO: Set web app root system property: 'webapp.root' = [/Users/benhoskins/Code/java/Packages/apache/tomcat/6.0.20/webapps/StoryBoardBacklog/]
Aug 11, 2010 3:04:27 PM org.apache.catalina.core.ApplicationContext log
INFO: Initializing log4j from [classpath:log4j.properties]
Aug 11, 2010 3:06:24 PM org.apache.catalina.core.ApplicationContext log
INFO: Shutting down log4j
Aug 11, 2010 3:06:24 PM org.apache.catalina.core.ApplicationContext log
INFO: Closing Spring root WebApplicationContext
Aug 11, 2010 3:06:27 PM org.apache.catalina.core.ApplicationContext log
INFO: Initializing Spring root WebApplicationContext
Aug 11, 2010 3:06:29 PM org.apache.catalina.core.ApplicationContext log
INFO: Set web app root system property: 'webapp.root' = [/Users/benhoskins/Code/java/Packages/apache/tomcat/6.0.20/webapps/StoryBoardBacklog/]
Aug 11, 2010 3:06:29 PM org.apache.catalina.core.ApplicationContext log
INFO: Initializing log4j from [classpath:log4j.properties]
Aug 11, 2010 3:06:38 PM org.apache.catalina.core.ApplicationContext log
INFO: Shutting down log4j
Aug 11, 2010 3:06:38 PM org.apache.catalina.core.ApplicationContext log
INFO: Closing Spring root WebApplicationContext
Aug 11, 2010 3:07:32 PM org.apache.catalina.core.ApplicationContext log
INFO: Initializing Spring root WebApplicationContext
Aug 11, 2010 3:07:33 PM org.apache.catalina.core.ApplicationContext log
INFO: Set web app root system property: 'webapp.root' = [/Users/benhoskins/Code/java/Packages/apache/tomcat/6.0.20/webapps/StoryBoardBacklog/]
Aug 11, 2010 3:07:33 PM org.apache.catalina.core.ApplicationContext log
INFO: Initializing log4j from [classpath:log4j.properties]
Aug 11, 2010 3:09:02 PM org.apache.catalina.core.ApplicationContext log
INFO: Shutting down log4j
Aug 11, 2010 3:09:02 PM org.apache.catalina.core.ApplicationContext log
INFO: Closing Spring root WebApplicationContext
Aug 11, 2010 3:09:36 PM org.apache.catalina.core.ApplicationContext log
INFO: Initializing Spring root WebApplicationContext
Aug 11, 2010 3:09:37 PM org.apache.catalina.core.ApplicationContext log
INFO: Set web app root system property: 'webapp.root' = [/Users/benhoskins/Code/java/Packages/apache/tomcat/6.0.20/webapps/StoryBoardBacklog/]
Aug 11, 2010 3:09:37 PM org.apache.catalina.core.ApplicationContext log
INFO: Initializing log4j from [classpath:log4j.properties]
Aug 11, 2010 3:09:40 PM org.apache.catalina.core.ApplicationContext log
INFO: Shutting down log4j
Aug 11, 2010 3:09:40 PM org.apache.catalina.core.ApplicationContext log
INFO: Closing Spring root WebApplicationContext
Aug 11, 2010 3:10:34 PM org.apache.catalina.core.ApplicationContext log
INFO: Initializing Spring root WebApplicationContext
Aug 11, 2010 3:10:34 PM org.apache.catalina.core.ApplicationContext log
INFO: Set web app root system property: 'webapp.root' = [/Users/benhoskins/Code/java/Packages/apache/tomcat/6.0.20/webapps/StoryBoardBacklog/]
Aug 11, 2010 3:10:34 PM org.apache.catalina.core.ApplicationContext log
INFO: Initializing log4j from [classpath:log4j.properties]
Aug 11, 2010 3:33:40 PM org.apache.catalina.core.ApplicationContext log
INFO: Shutting down log4j
Aug 11, 2010 3:33:40 PM org.apache.catalina.core.ApplicationContext log
INFO: Closing Spring root WebApplicationContext
Aug 11, 2010 3:34:30 PM org.apache.catalina.core.ApplicationContext log
INFO: Initializing Spring root WebApplicationContext
Aug 11, 2010 3:34:31 PM org.apache.catalina.core.ApplicationContext log
INFO: Set web app root system property: 'webapp.root' = [/Users/benhoskins/Code/java/Packages/apache/tomcat/6.0.20/webapps/StoryBoardBacklog/]
Aug 11, 2010 3:34:31 PM org.apache.catalina.core.ApplicationContext log
INFO: Initializing log4j from [classpath:log4j.properties]
Aug 11, 2010 6:52:38 PM org.apache.catalina.core.ApplicationContext log
INFO: Shutting down log4j
Aug 11, 2010 6:52:38 PM org.apache.catalina.core.ApplicationContext log
INFO: Closing Spring root WebApplicationContext
