Aug 11, 2010 2:51:02 PM org.apache.catalina.core.ApplicationContext log
INFO: HTMLManager: init: Associated with Deployer 'Catalina:type=Deployer,host=localhost'
Aug 11, 2010 2:51:02 PM org.apache.catalina.core.ApplicationContext log
INFO: HTMLManager: init: Global resources are available
Aug 11, 2010 2:51:02 PM org.apache.catalina.core.ApplicationContext log
INFO: HTMLManager: undeploy: Undeploying web application at '/StoryBoardBacklog'
Aug 11, 2010 2:51:02 PM org.apache.catalina.core.ApplicationContext log
INFO: HTMLManager: list: Listing contexts for virtual host 'localhost'
Aug 11, 2010 2:51:10 PM org.apache.catalina.core.ApplicationContext log
INFO: HTMLManager: list: Listing contexts for virtual host 'localhost'
Aug 11, 2010 2:51:15 PM org.apache.catalina.core.ApplicationContext log
INFO: HTMLManager: start: Starting web application at '/StoryBoardBacklog'
Aug 11, 2010 2:51:16 PM org.apache.catalina.core.ApplicationContext log
INFO: HTMLManager: list: Listing contexts for virtual host 'localhost'
Aug 11, 2010 2:53:27 PM org.apache.catalina.core.ApplicationContext log
INFO: HTMLManager: init: Associated with Deployer 'Catalina:type=Deployer,host=localhost'
Aug 11, 2010 2:53:27 PM org.apache.catalina.core.ApplicationContext log
INFO: HTMLManager: init: Global resources are available
Aug 11, 2010 2:53:27 PM org.apache.catalina.core.ApplicationContext log
INFO: HTMLManager: undeploy: Undeploying web application at '/StoryBoardBacklog'
Aug 11, 2010 2:53:27 PM org.apache.catalina.core.ApplicationContext log
INFO: HTMLManager: list: Listing contexts for virtual host 'localhost'
Aug 11, 2010 2:53:36 PM org.apache.catalina.core.ApplicationContext log
INFO: HTMLManager: list: Listing contexts for virtual host 'localhost'
Aug 11, 2010 2:56:01 PM org.apache.catalina.core.ApplicationContext log
INFO: HTMLManager: undeploy: Undeploying web application at '/StoryBoardBacklog'
Aug 11, 2010 2:56:02 PM org.apache.catalina.core.ApplicationContext log
INFO: HTMLManager: list: Listing contexts for virtual host 'localhost'
Aug 11, 2010 2:56:58 PM org.apache.catalina.core.ApplicationContext log
INFO: HTMLManager: list: Listing contexts for virtual host 'localhost'
Aug 11, 2010 3:00:39 PM org.apache.catalina.core.ApplicationContext log
INFO: HTMLManager: undeploy: Undeploying web application at '/StoryBoardBacklog'
Aug 11, 2010 3:00:39 PM org.apache.catalina.core.ApplicationContext log
INFO: HTMLManager: list: Listing contexts for virtual host 'localhost'
Aug 11, 2010 3:01:28 PM org.apache.catalina.core.ApplicationContext log
INFO: HTMLManager: undeploy: Undeploying web application at '/docs'
Aug 11, 2010 3:01:28 PM org.apache.catalina.core.ApplicationContext log
INFO: HTMLManager: list: Listing contexts for virtual host 'localhost'
Aug 11, 2010 3:01:33 PM org.apache.catalina.core.ApplicationContext log
INFO: HTMLManager: undeploy: Undeploying web application at '/examples'
Aug 11, 2010 3:01:33 PM org.apache.catalina.core.ApplicationContext log
INFO: HTMLManager: list: Listing contexts for virtual host 'localhost'
Aug 11, 2010 3:02:24 PM org.apache.catalina.core.ApplicationContext log
INFO: HTMLManager: list: Listing contexts for virtual host 'localhost'
Aug 11, 2010 3:04:07 PM org.apache.catalina.core.ApplicationContext log
INFO: HTMLManager: undeploy: Undeploying web application at '/StoryBoardBacklog'
Aug 11, 2010 3:04:07 PM org.apache.catalina.core.ApplicationContext log
INFO: HTMLManager: list: Listing contexts for virtual host 'localhost'
Aug 11, 2010 3:04:13 PM org.apache.catalina.core.ApplicationContext log
INFO: HTMLManager: list: Listing contexts for virtual host 'localhost'
Aug 11, 2010 3:06:38 PM org.apache.catalina.core.ApplicationContext log
INFO: HTMLManager: init: Associated with Deployer 'Catalina:type=Deployer,host=localhost'
Aug 11, 2010 3:06:38 PM org.apache.catalina.core.ApplicationContext log
INFO: HTMLManager: init: Global resources are available
Aug 11, 2010 3:06:38 PM org.apache.catalina.core.ApplicationContext log
INFO: HTMLManager: undeploy: Undeploying web application at '/StoryBoardBacklog'
Aug 11, 2010 3:06:38 PM org.apache.catalina.core.ApplicationContext log
INFO: HTMLManager: list: Listing contexts for virtual host 'localhost'
Aug 11, 2010 3:07:33 PM org.apache.catalina.core.ApplicationContext log
INFO: HTMLManager: list: Listing contexts for virtual host 'localhost'
Aug 11, 2010 3:09:40 PM org.apache.catalina.core.ApplicationContext log
INFO: HTMLManager: init: Associated with Deployer 'Catalina:type=Deployer,host=localhost'
Aug 11, 2010 3:09:40 PM org.apache.catalina.core.ApplicationContext log
INFO: HTMLManager: init: Global resources are available
Aug 11, 2010 3:09:40 PM org.apache.catalina.core.ApplicationContext log
INFO: HTMLManager: undeploy: Undeploying web application at '/StoryBoardBacklog'
Aug 11, 2010 3:09:40 PM org.apache.catalina.core.ApplicationContext log
INFO: HTMLManager: list: Listing contexts for virtual host 'localhost'
Aug 11, 2010 3:10:34 PM org.apache.catalina.core.ApplicationContext log
INFO: HTMLManager: list: Listing contexts for virtual host 'localhost'
Aug 11, 2010 3:33:40 PM org.apache.catalina.core.ApplicationContext log
INFO: HTMLManager: undeploy: Undeploying web application at '/StoryBoardBacklog'
Aug 11, 2010 3:33:40 PM org.apache.catalina.core.ApplicationContext log
INFO: HTMLManager: list: Listing contexts for virtual host 'localhost'
Aug 11, 2010 3:34:31 PM org.apache.catalina.core.ApplicationContext log
INFO: HTMLManager: list: Listing contexts for virtual host 'localhost'
