Dec 11, 2009 10:31:13 PM org.apache.catalina.core.AprLifecycleListener lifecycleEvent
INFO: The Apache Tomcat Native library which allows optimal performance in production environments was not found on the java.library.path: .:/Library/Java/Extensions:/System/Library/Java/Extensions:/usr/lib/java
Dec 11, 2009 10:31:13 PM org.apache.coyote.http11.Http11BaseProtocol init
INFO: Initializing Coyote HTTP/1.1 on http-8080
Dec 11, 2009 10:31:13 PM org.apache.catalina.startup.Catalina load
INFO: Initialization processed in 655 ms
Dec 11, 2009 10:31:13 PM org.apache.catalina.core.StandardService start
INFO: Starting service Catalina
Dec 11, 2009 10:31:13 PM org.apache.catalina.core.StandardEngine start
INFO: Starting Servlet Engine: Apache Tomcat/5.5.28
Dec 11, 2009 10:31:13 PM org.apache.catalina.core.StandardHost start
INFO: XML validation disabled
NeoDatis ODB Server [version=1.9.20 - build=653-23-10-2009-08-11-36] running on port 10002
Managed bases: [STORYBOARD_BASE]
Dec 11, 2009 10:31:14 PM org.apache.catalina.startup.HostConfig deployWAR
INFO: Deploying web application archive StoryBoardInstanceManager.war
End Of File reached - position = 0 : Length = 0
Dec 11, 2009 10:31:14 PM org.apache.catalina.core.StandardContext start
SEVERE: Error listenerStart
Dec 11, 2009 10:31:14 PM org.apache.catalina.core.StandardContext start
SEVERE: Context [/StoryBoardInstanceManager] startup failed due to previous errors
Closing database server
NeoDatis ODB Server (port 9998) shutdown [uptime=350158Hours]
NeoDatis ODB Server [version=1.9.20 - build=653-23-10-2009-08-11-36] running on port 10004
Managed bases: [STORYBOARD_BASE]
NeoDatis ODB Server [version=1.9.20 - build=653-23-10-2009-08-11-36] running on port 10005
Managed bases: [STORYBOARD_BASE]
NeoDatis ODB Server [version=1.9.20 - build=653-23-10-2009-08-11-36] running on port 10006
Managed bases: [STORYBOARD_BASE]
NeoDatis ODB Server [version=1.9.20 - build=653-23-10-2009-08-11-36] running on port 10001
Managed bases: [STORYBOARD_BASE]
NeoDatis ODB Server [version=1.9.20 - build=653-23-10-2009-08-11-36] running on port 10003
Managed bases: [STORYBOARD_BASE]
Dec 11, 2009 10:32:05 PM org.apache.coyote.http11.Http11BaseProtocol start
INFO: Starting Coyote HTTP/1.1 on http-8080
Dec 11, 2009 10:32:05 PM org.apache.jk.common.ChannelSocket init
INFO: JK: ajp13 listening on /0.0.0.0:8009
Dec 11, 2009 10:32:05 PM org.apache.jk.server.JkMain start
INFO: Jk running ID=0 time=0/106  config=null
Dec 11, 2009 10:32:05 PM org.apache.catalina.storeconfig.StoreLoader load
INFO: Find registry server-registry.xml at classpath resource
Dec 11, 2009 10:32:06 PM org.apache.catalina.core.StandardContext start
SEVERE: Error listenerStart
Dec 11, 2009 10:32:06 PM org.apache.catalina.core.StandardContext start
SEVERE: Context [/StoryBoardInstanceManager] startup failed due to previous errors
Closing database server
NeoDatis ODB Server (port 9998) shutdown [uptime=350158Hours]
Dec 11, 2009 10:32:06 PM org.apache.catalina.startup.Catalina start
INFO: Server startup in 52598 ms
Dec 11, 2009 10:32:06 PM org.apache.catalina.core.StandardContext start
SEVERE: Error listenerStart
Dec 11, 2009 10:32:06 PM org.apache.catalina.core.StandardContext start
SEVERE: Context [/StoryBoardInstanceManager] startup failed due to previous errors
Closing database server
NeoDatis ODB Server (port 9998) shutdown [uptime=350158Hours]
Dec 11, 2009 10:32:16 PM org.apache.catalina.core.StandardContext stop
INFO: Container org.apache.catalina.core.ContainerBase.[Catalina].[localhost].[/StoryBoardInstanceManager] has not been started
Dec 11, 2009 10:32:16 PM org.apache.catalina.startup.HostConfig checkResources
INFO: Undeploying context [/StoryBoardInstanceManager]
Dec 11, 2009 10:33:06 PM org.apache.catalina.startup.HostConfig deployWAR
INFO: Deploying web application archive StoryBoardInstanceManager.war
End Of File reached - position = 0 : Length = 0
Dec 11, 2009 10:33:07 PM org.apache.catalina.core.StandardContext start
SEVERE: Error listenerStart
Dec 11, 2009 10:33:07 PM org.apache.catalina.core.StandardContext start
SEVERE: Context [/StoryBoardInstanceManager] startup failed due to previous errors
Closing database server
NeoDatis ODB Server (port 9998) shutdown [uptime=350158Hours]
Dec 11, 2009 10:34:41 PM org.apache.coyote.http11.Http11BaseProtocol pause
INFO: Pausing Coyote HTTP/1.1 on http-8080
Dec 11, 2009 10:34:42 PM org.apache.catalina.core.StandardService stop
INFO: Stopping service Catalina
Closing database server
NeoDatis ODB Server (port 10003) shutdown [uptime=0Hours]
Closing database server
NeoDatis ODB Server (port 10003) shutdown [uptime=0Hours]
Closing database server
NeoDatis ODB Server (port 10003) shutdown [uptime=0Hours]
Closing database server
NeoDatis ODB Server (port 10003) shutdown [uptime=0Hours]
Closing database server
NeoDatis ODB Server (port 10003) shutdown [uptime=0Hours]
Closing database server
NeoDatis ODB Server (port 10003) shutdown [uptime=0Hours]
Dec 11, 2009 10:34:43 PM org.apache.coyote.http11.Http11BaseProtocol destroy
INFO: Stopping Coyote HTTP/1.1 on http-8080
Dec 11, 2009 10:34:43 PM org.apache.catalina.core.AprLifecycleListener lifecycleEvent
INFO: Failed shutdown of Apache Portable Runtime
Dec 11, 2009 10:35:34 PM org.apache.catalina.core.AprLifecycleListener lifecycleEvent
INFO: The Apache Tomcat Native library which allows optimal performance in production environments was not found on the java.library.path: .:/Library/Java/Extensions:/System/Library/Java/Extensions:/usr/lib/java
Dec 11, 2009 10:35:34 PM org.apache.coyote.http11.Http11BaseProtocol init
INFO: Initializing Coyote HTTP/1.1 on http-8080
Dec 11, 2009 10:35:34 PM org.apache.catalina.startup.Catalina load
INFO: Initialization processed in 592 ms
Dec 11, 2009 10:35:34 PM org.apache.catalina.core.StandardService start
INFO: Starting service Catalina
Dec 11, 2009 10:35:34 PM org.apache.catalina.core.StandardEngine start
INFO: Starting Servlet Engine: Apache Tomcat/5.5.28
Dec 11, 2009 10:35:34 PM org.apache.catalina.core.StandardHost start
INFO: XML validation disabled
NeoDatis ODB Server [version=1.9.20 - build=653-23-10-2009-08-11-36] running on port 10002
Managed bases: [STORYBOARD_BASE]
Dec 11, 2009 10:35:35 PM org.apache.catalina.startup.HostConfig deployWAR
INFO: Deploying web application archive StoryBoardInstanceManager.war
End Of File reached - position = 0 : Length = 0
Dec 11, 2009 10:35:35 PM org.apache.catalina.core.StandardContext start
SEVERE: Error listenerStart
Dec 11, 2009 10:35:35 PM org.apache.catalina.core.StandardContext start
SEVERE: Context [/StoryBoardInstanceManager] startup failed due to previous errors
Closing database server
NeoDatis ODB Server (port 9998) shutdown [uptime=350158Hours]
NeoDatis ODB Server [version=1.9.20 - build=653-23-10-2009-08-11-36] running on port 10004
Managed bases: [STORYBOARD_BASE]
NeoDatis ODB Server [version=1.9.20 - build=653-23-10-2009-08-11-36] running on port 10005
Managed bases: [STORYBOARD_BASE]
NeoDatis ODB Server [version=1.9.20 - build=653-23-10-2009-08-11-36] running on port 10006
Managed bases: [STORYBOARD_BASE]
NeoDatis ODB Server [version=1.9.20 - build=653-23-10-2009-08-11-36] running on port 10001
Managed bases: [STORYBOARD_BASE]
NeoDatis ODB Server [version=1.9.20 - build=653-23-10-2009-08-11-36] running on port 10003
Managed bases: [STORYBOARD_BASE]
Dec 11, 2009 10:36:26 PM org.apache.coyote.http11.Http11BaseProtocol start
INFO: Starting Coyote HTTP/1.1 on http-8080
Dec 11, 2009 10:36:26 PM org.apache.jk.common.ChannelSocket init
INFO: JK: ajp13 listening on /0.0.0.0:8009
Dec 11, 2009 10:36:26 PM org.apache.jk.server.JkMain start
INFO: Jk running ID=0 time=0/94  config=null
Dec 11, 2009 10:36:26 PM org.apache.catalina.storeconfig.StoreLoader load
INFO: Find registry server-registry.xml at classpath resource
Dec 11, 2009 10:36:27 PM org.apache.catalina.core.StandardContext stop
INFO: Container org.apache.catalina.core.ContainerBase.[Catalina].[localhost].[/StoryBoardInstanceManager] has not been started
Dec 11, 2009 10:36:27 PM org.apache.catalina.startup.HostConfig checkResources
INFO: Undeploying context [/StoryBoardInstanceManager]
Dec 11, 2009 10:36:27 PM org.apache.catalina.startup.Catalina start
INFO: Server startup in 52647 ms
Dec 11, 2009 10:46:02 PM org.apache.coyote.http11.Http11BaseProtocol pause
INFO: Pausing Coyote HTTP/1.1 on http-8080
Dec 11, 2009 10:46:03 PM org.apache.catalina.core.StandardService stop
INFO: Stopping service Catalina
Closing database server
NeoDatis ODB Server (port 10003) shutdown [uptime=0Hours]
Closing database server
NeoDatis ODB Server (port 10003) shutdown [uptime=0Hours]
Closing database server
NeoDatis ODB Server (port 10003) shutdown [uptime=0Hours]
Closing database server
NeoDatis ODB Server (port 10003) shutdown [uptime=0Hours]
Closing database server
NeoDatis ODB Server (port 10003) shutdown [uptime=0Hours]
Closing database server
NeoDatis ODB Server (port 10003) shutdown [uptime=0Hours]
Dec 11, 2009 10:46:03 PM org.apache.coyote.http11.Http11BaseProtocol destroy
INFO: Stopping Coyote HTTP/1.1 on http-8080
Dec 11, 2009 10:46:03 PM org.apache.catalina.core.AprLifecycleListener lifecycleEvent
INFO: Failed shutdown of Apache Portable Runtime
