Dec 11, 2009 10:31:14 PM org.apache.catalina.core.StandardContext listenerStart
SEVERE: Exception sending context initialized event to listener instance of class uk.co.itstherules.yawf.model.persistence.neodatis.NeoDatisListener
java.lang.RuntimeException: org.neodatis.odb.ODBRuntimeException: 
NeoDatis has thrown an Exception, please help us filling a bug report at https://sourceforge.net/tracker/?func=add&group_id=179124&atid=887885 with the following error message
Version=1.9.20 , Build=653, Date=23-10-2009-08-11-36, Thread=main
NeoDatisError:276:End Of File reached - position = 0 : Length = 0
StackTrace:
	at uk.co.itstherules.yawf.model.persistence.neodatis.NeoDatisListener.contextInitialized(NeoDatisListener.java:50)
	at org.apache.catalina.core.StandardContext.listenerStart(StandardContext.java:3795)
	at org.apache.catalina.core.StandardContext.start(StandardContext.java:4252)
	at org.apache.catalina.core.ContainerBase.addChildInternal(ContainerBase.java:760)
	at org.apache.catalina.core.ContainerBase.addChild(ContainerBase.java:740)
	at org.apache.catalina.core.StandardHost.addChild(StandardHost.java:544)
	at org.apache.catalina.startup.HostConfig.deployWAR(HostConfig.java:831)
	at org.apache.catalina.startup.HostConfig.deployWARs(HostConfig.java:720)
	at org.apache.catalina.startup.HostConfig.deployApps(HostConfig.java:490)
	at org.apache.catalina.startup.HostConfig.start(HostConfig.java:1150)
	at org.apache.catalina.startup.HostConfig.lifecycleEvent(HostConfig.java:311)
	at org.apache.catalina.util.LifecycleSupport.fireLifecycleEvent(LifecycleSupport.java:120)
	at org.apache.catalina.core.ContainerBase.start(ContainerBase.java:1022)
	at org.apache.catalina.core.StandardHost.start(StandardHost.java:736)
	at org.apache.catalina.core.ContainerBase.start(ContainerBase.java:1014)
	at org.apache.catalina.core.StandardEngine.start(StandardEngine.java:443)
	at org.apache.catalina.core.StandardService.start(StandardService.java:448)
	at org.apache.catalina.core.StandardServer.start(StandardServer.java:700)
	at org.apache.catalina.startup.Catalina.start(Catalina.java:552)
	at sun.reflect.NativeMethodAccessorImpl.invoke0(Native Method)
	at sun.reflect.NativeMethodAccessorImpl.invoke(NativeMethodAccessorImpl.java:39)
	at sun.reflect.DelegatingMethodAccessorImpl.invoke(DelegatingMethodAccessorImpl.java:25)
	at java.lang.reflect.Method.invoke(Method.java:597)
	at org.apache.catalina.startup.Bootstrap.start(Bootstrap.java:295)
	at org.apache.catalina.startup.Bootstrap.main(Bootstrap.java:433)
Caused by: org.neodatis.odb.ODBRuntimeException: 
NeoDatis has thrown an Exception, please help us filling a bug report at https://sourceforge.net/tracker/?func=add&group_id=179124&atid=887885 with the following error message
Version=1.9.20 , Build=653, Date=23-10-2009-08-11-36, Thread=main
NeoDatisError:276:End Of File reached - position = 0 : Length = 0
StackTrace:
	at org.neodatis.odb.impl.core.layers.layer3.buffer.MultiBufferedIO.manageBufferForNewPosition(MultiBufferedIO.java:151)
	at org.neodatis.odb.impl.core.layers.layer3.buffer.MultiBufferedIO.setCurrentReadPosition(MultiBufferedIO.java:271)
	at org.neodatis.odb.core.layers.layer3.engine.FileSystemInterface.setReadPosition(FileSystemInterface.java:202)
	at org.neodatis.odb.impl.core.layers.layer3.engine.ObjectReader.readEncryptionFlag(ObjectReader.java:180)
	at org.neodatis.odb.impl.core.layers.layer3.engine.ObjectReader.readDatabaseHeader(ObjectReader.java:244)
	at org.neodatis.odb.core.layers.layer3.engine.AbstractStorageEngine.init(AbstractStorageEngine.java:210)
	at org.neodatis.odb.core.layers.layer3.engine.AbstractStorageEngine.<init>(AbstractStorageEngine.java:175)
	at org.neodatis.odb.impl.core.server.layers.layer3.engine.ServerStorageEngine.<init>(ServerStorageEngine.java:55)
	at org.neodatis.odb.impl.DefaultCoreProvider.getServerStorageEngine(DefaultCoreProvider.java:168)
	at org.neodatis.odb.impl.core.server.layers.layer3.engine.ODBServerImpl.addBase(ODBServerImpl.java:113)
	at org.neodatis.odb.impl.main.ODBDefaultServer.addBase(ODBDefaultServer.java:24)
	at uk.co.itstherules.yawf.model.persistence.neodatis.NeoDatisListener.contextInitialized(NeoDatisListener.java:47)
	... 24 more
Dec 11, 2009 10:31:14 PM org.apache.catalina.core.ApplicationContext log
INFO: org.apache.webapp.balancer.BalancerFilter: init(): ruleChain: [org.apache.webapp.balancer.RuleChain: [org.apache.webapp.balancer.rules.URLStringMatchRule: Target string: News / Redirect URL: http://www.cnn.com], [org.apache.webapp.balancer.rules.RequestParameterRule: Target param name: paramName / Target param value: paramValue / Redirect URL: http://www.yahoo.com], [org.apache.webapp.balancer.rules.AcceptEverythingRule: Redirect URL: http://jakarta.apache.org]]
Dec 11, 2009 10:31:25 PM org.apache.catalina.core.ApplicationContext log
INFO: ContextListener: contextInitialized()
Dec 11, 2009 10:31:25 PM org.apache.catalina.core.ApplicationContext log
INFO: SessionListener: contextInitialized()
Dec 11, 2009 10:31:45 PM org.apache.catalina.core.ApplicationContext log
INFO: ContextListener: contextInitialized()
Dec 11, 2009 10:31:45 PM org.apache.catalina.core.ApplicationContext log
INFO: SessionListener: contextInitialized()
Dec 11, 2009 10:32:06 PM org.apache.catalina.core.StandardContext listenerStart
SEVERE: Exception sending context initialized event to listener instance of class uk.co.itstherules.yawf.model.persistence.neodatis.NeoDatisListener
java.lang.RuntimeException: org.neodatis.odb.ODBRuntimeException: 
NeoDatis has thrown an Exception, please help us filling a bug report at https://sourceforge.net/tracker/?func=add&group_id=179124&atid=887885 with the following error message
Version=1.9.20 , Build=653, Date=23-10-2009-08-11-36, Thread=http-8080-Processor24
NeoDatisError:1013:/Users/benhoskins/Data/StoryBoardInstanceManager/storyboard_instance_manager.oodb file is locked by the current Virtual machine - check if the database has not been opened in the current VM! : thread = http-8080-Processor24 - using multi thread ? true
StackTrace:
	at uk.co.itstherules.yawf.model.persistence.neodatis.NeoDatisListener.contextInitialized(NeoDatisListener.java:50)
	at org.apache.catalina.core.StandardContext.listenerStart(StandardContext.java:3795)
	at org.apache.catalina.core.StandardContext.start(StandardContext.java:4252)
	at org.apache.catalina.manager.ManagerServlet.start(ManagerServlet.java:1173)
	at org.apache.catalina.manager.HTMLManagerServlet.start(HTMLManagerServlet.java:549)
	at org.apache.catalina.manager.HTMLManagerServlet.doGet(HTMLManagerServlet.java:105)
	at javax.servlet.http.HttpServlet.service(HttpServlet.java:627)
	at javax.servlet.http.HttpServlet.service(HttpServlet.java:729)
	at org.apache.catalina.core.ApplicationFilterChain.internalDoFilter(ApplicationFilterChain.java:269)
	at org.apache.catalina.core.ApplicationFilterChain.doFilter(ApplicationFilterChain.java:188)
	at org.apache.catalina.core.StandardWrapperValve.invoke(StandardWrapperValve.java:213)
	at org.apache.catalina.core.StandardContextValve.invoke(StandardContextValve.java:172)
	at org.apache.catalina.authenticator.AuthenticatorBase.invoke(AuthenticatorBase.java:525)
	at org.apache.catalina.core.StandardHostValve.invoke(StandardHostValve.java:127)
	at org.apache.catalina.valves.ErrorReportValve.invoke(ErrorReportValve.java:117)
	at org.apache.catalina.core.StandardEngineValve.invoke(StandardEngineValve.java:108)
	at org.apache.catalina.connector.CoyoteAdapter.service(CoyoteAdapter.java:174)
	at org.apache.coyote.http11.Http11Processor.process(Http11Processor.java:873)
	at org.apache.coyote.http11.Http11BaseProtocol$Http11ConnectionHandler.processConnection(Http11BaseProtocol.java:665)
	at org.apache.tomcat.util.net.PoolTcpEndpoint.processSocket(PoolTcpEndpoint.java:528)
	at org.apache.tomcat.util.net.LeaderFollowerWorkerThread.runIt(LeaderFollowerWorkerThread.java:81)
	at org.apache.tomcat.util.threads.ThreadPool$ControlRunnable.run(ThreadPool.java:689)
	at java.lang.Thread.run(Thread.java:637)
Caused by: org.neodatis.odb.ODBRuntimeException: 
NeoDatis has thrown an Exception, please help us filling a bug report at https://sourceforge.net/tracker/?func=add&group_id=179124&atid=887885 with the following error message
Version=1.9.20 , Build=653, Date=23-10-2009-08-11-36, Thread=http-8080-Processor24
NeoDatisError:1013:/Users/benhoskins/Data/StoryBoardInstanceManager/storyboard_instance_manager.oodb file is locked by the current Virtual machine - check if the database has not been opened in the current VM! : thread = http-8080-Processor24 - using multi thread ? true
StackTrace:
	at org.neodatis.odb.impl.core.layers.layer3.buffer.MultiBufferedFileIO.init(MultiBufferedFileIO.java:82)
	at org.neodatis.odb.impl.core.layers.layer3.buffer.MultiBufferedFileIO.<init>(MultiBufferedFileIO.java:55)
	at org.neodatis.odb.impl.DefaultCoreProvider.getIO(DefaultCoreProvider.java:201)
	at org.neodatis.odb.core.layers.layer3.engine.FileSystemInterface.<init>(FileSystemInterface.java:87)
	at org.neodatis.odb.core.server.layers.layer3.engine.ServerFileSystemInterface.<init>(ServerFileSystemInterface.java:35)
	at org.neodatis.odb.impl.core.server.layers.layer3.engine.ServerObjectWriter.buildFSI(ServerObjectWriter.java:115)
	at org.neodatis.odb.impl.core.layers.layer3.engine.AbstractObjectWriter.init2(AbstractObjectWriter.java:182)
	at org.neodatis.odb.core.layers.layer3.engine.AbstractStorageEngine.init(AbstractStorageEngine.java:200)
	at org.neodatis.odb.core.layers.layer3.engine.AbstractStorageEngine.<init>(AbstractStorageEngine.java:175)
	at org.neodatis.odb.impl.core.server.layers.layer3.engine.ServerStorageEngine.<init>(ServerStorageEngine.java:55)
	at org.neodatis.odb.impl.DefaultCoreProvider.getServerStorageEngine(DefaultCoreProvider.java:168)
	at org.neodatis.odb.impl.core.server.layers.layer3.engine.ODBServerImpl.addBase(ODBServerImpl.java:113)
	at org.neodatis.odb.impl.main.ODBDefaultServer.addBase(ODBDefaultServer.java:24)
	at uk.co.itstherules.yawf.model.persistence.neodatis.NeoDatisListener.contextInitialized(NeoDatisListener.java:47)
	... 22 more
Caused by: java.nio.channels.OverlappingFileLockException
	at sun.nio.ch.FileChannelImpl$SharedFileLockTable.checkList(FileChannelImpl.java:1170)
	at sun.nio.ch.FileChannelImpl$SharedFileLockTable.add(FileChannelImpl.java:1072)
	at sun.nio.ch.FileChannelImpl.tryLock(FileChannelImpl.java:878)
	at org.neodatis.tool.wrappers.io.OdbFileIO.lockFile(OdbFileIO.java:80)
	at org.neodatis.odb.impl.core.layers.layer3.buffer.MultiBufferedFileIO.init(MultiBufferedFileIO.java:79)
	... 35 more
Dec 11, 2009 10:32:06 PM org.apache.catalina.core.StandardContext listenerStart
SEVERE: Exception sending context initialized event to listener instance of class uk.co.itstherules.yawf.model.persistence.neodatis.NeoDatisListener
java.lang.RuntimeException: org.neodatis.odb.ODBRuntimeException: 
NeoDatis has thrown an Exception, please help us filling a bug report at https://sourceforge.net/tracker/?func=add&group_id=179124&atid=887885 with the following error message
Version=1.9.20 , Build=653, Date=23-10-2009-08-11-36, Thread=http-8080-Processor25
NeoDatisError:1013:/Users/benhoskins/Data/StoryBoardInstanceManager/storyboard_instance_manager.oodb file is locked by the current Virtual machine - check if the database has not been opened in the current VM! : thread = http-8080-Processor25 - using multi thread ? true
StackTrace:
	at uk.co.itstherules.yawf.model.persistence.neodatis.NeoDatisListener.contextInitialized(NeoDatisListener.java:50)
	at org.apache.catalina.core.StandardContext.listenerStart(StandardContext.java:3795)
	at org.apache.catalina.core.StandardContext.start(StandardContext.java:4252)
	at org.apache.catalina.manager.ManagerServlet.start(ManagerServlet.java:1173)
	at org.apache.catalina.manager.HTMLManagerServlet.start(HTMLManagerServlet.java:549)
	at org.apache.catalina.manager.HTMLManagerServlet.doGet(HTMLManagerServlet.java:105)
	at javax.servlet.http.HttpServlet.service(HttpServlet.java:627)
	at javax.servlet.http.HttpServlet.service(HttpServlet.java:729)
	at org.apache.catalina.core.ApplicationFilterChain.internalDoFilter(ApplicationFilterChain.java:269)
	at org.apache.catalina.core.ApplicationFilterChain.doFilter(ApplicationFilterChain.java:188)
	at org.apache.catalina.core.StandardWrapperValve.invoke(StandardWrapperValve.java:213)
	at org.apache.catalina.core.StandardContextValve.invoke(StandardContextValve.java:172)
	at org.apache.catalina.authenticator.AuthenticatorBase.invoke(AuthenticatorBase.java:525)
	at org.apache.catalina.core.StandardHostValve.invoke(StandardHostValve.java:127)
	at org.apache.catalina.valves.ErrorReportValve.invoke(ErrorReportValve.java:117)
	at org.apache.catalina.core.StandardEngineValve.invoke(StandardEngineValve.java:108)
	at org.apache.catalina.connector.CoyoteAdapter.service(CoyoteAdapter.java:174)
	at org.apache.coyote.http11.Http11Processor.process(Http11Processor.java:873)
	at org.apache.coyote.http11.Http11BaseProtocol$Http11ConnectionHandler.processConnection(Http11BaseProtocol.java:665)
	at org.apache.tomcat.util.net.PoolTcpEndpoint.processSocket(PoolTcpEndpoint.java:528)
	at org.apache.tomcat.util.net.LeaderFollowerWorkerThread.runIt(LeaderFollowerWorkerThread.java:81)
	at org.apache.tomcat.util.threads.ThreadPool$ControlRunnable.run(ThreadPool.java:689)
	at java.lang.Thread.run(Thread.java:637)
Caused by: org.neodatis.odb.ODBRuntimeException: 
NeoDatis has thrown an Exception, please help us filling a bug report at https://sourceforge.net/tracker/?func=add&group_id=179124&atid=887885 with the following error message
Version=1.9.20 , Build=653, Date=23-10-2009-08-11-36, Thread=http-8080-Processor25
NeoDatisError:1013:/Users/benhoskins/Data/StoryBoardInstanceManager/storyboard_instance_manager.oodb file is locked by the current Virtual machine - check if the database has not been opened in the current VM! : thread = http-8080-Processor25 - using multi thread ? true
StackTrace:
	at org.neodatis.odb.impl.core.layers.layer3.buffer.MultiBufferedFileIO.init(MultiBufferedFileIO.java:82)
	at org.neodatis.odb.impl.core.layers.layer3.buffer.MultiBufferedFileIO.<init>(MultiBufferedFileIO.java:55)
	at org.neodatis.odb.impl.DefaultCoreProvider.getIO(DefaultCoreProvider.java:201)
	at org.neodatis.odb.core.layers.layer3.engine.FileSystemInterface.<init>(FileSystemInterface.java:87)
	at org.neodatis.odb.core.server.layers.layer3.engine.ServerFileSystemInterface.<init>(ServerFileSystemInterface.java:35)
	at org.neodatis.odb.impl.core.server.layers.layer3.engine.ServerObjectWriter.buildFSI(ServerObjectWriter.java:115)
	at org.neodatis.odb.impl.core.layers.layer3.engine.AbstractObjectWriter.init2(AbstractObjectWriter.java:182)
	at org.neodatis.odb.core.layers.layer3.engine.AbstractStorageEngine.init(AbstractStorageEngine.java:200)
	at org.neodatis.odb.core.layers.layer3.engine.AbstractStorageEngine.<init>(AbstractStorageEngine.java:175)
	at org.neodatis.odb.impl.core.server.layers.layer3.engine.ServerStorageEngine.<init>(ServerStorageEngine.java:55)
	at org.neodatis.odb.impl.DefaultCoreProvider.getServerStorageEngine(DefaultCoreProvider.java:168)
	at org.neodatis.odb.impl.core.server.layers.layer3.engine.ODBServerImpl.addBase(ODBServerImpl.java:113)
	at org.neodatis.odb.impl.main.ODBDefaultServer.addBase(ODBDefaultServer.java:24)
	at uk.co.itstherules.yawf.model.persistence.neodatis.NeoDatisListener.contextInitialized(NeoDatisListener.java:47)
	... 22 more
Caused by: java.nio.channels.OverlappingFileLockException
	at sun.nio.ch.FileChannelImpl$SharedFileLockTable.checkList(FileChannelImpl.java:1170)
	at sun.nio.ch.FileChannelImpl$SharedFileLockTable.add(FileChannelImpl.java:1072)
	at sun.nio.ch.FileChannelImpl.tryLock(FileChannelImpl.java:878)
	at org.neodatis.tool.wrappers.io.OdbFileIO.lockFile(OdbFileIO.java:80)
	at org.neodatis.odb.impl.core.layers.layer3.buffer.MultiBufferedFileIO.init(MultiBufferedFileIO.java:79)
	... 35 more
Dec 11, 2009 10:33:07 PM org.apache.catalina.core.StandardContext listenerStart
SEVERE: Exception sending context initialized event to listener instance of class uk.co.itstherules.yawf.model.persistence.neodatis.NeoDatisListener
java.lang.RuntimeException: org.neodatis.odb.ODBRuntimeException: 
NeoDatis has thrown an Exception, please help us filling a bug report at https://sourceforge.net/tracker/?func=add&group_id=179124&atid=887885 with the following error message
Version=1.9.20 , Build=653, Date=23-10-2009-08-11-36, Thread=http-8080-Processor22
NeoDatisError:276:End Of File reached - position = 0 : Length = 0
StackTrace:
	at uk.co.itstherules.yawf.model.persistence.neodatis.NeoDatisListener.contextInitialized(NeoDatisListener.java:50)
	at org.apache.catalina.core.StandardContext.listenerStart(StandardContext.java:3795)
	at org.apache.catalina.core.StandardContext.start(StandardContext.java:4252)
	at org.apache.catalina.core.ContainerBase.addChildInternal(ContainerBase.java:760)
	at org.apache.catalina.core.ContainerBase.addChild(ContainerBase.java:740)
	at org.apache.catalina.core.StandardHost.addChild(StandardHost.java:544)
	at org.apache.catalina.startup.HostConfig.deployWAR(HostConfig.java:831)
	at org.apache.catalina.startup.HostConfig.deployApps(HostConfig.java:515)
	at org.apache.catalina.startup.HostConfig.check(HostConfig.java:1232)
	at sun.reflect.NativeMethodAccessorImpl.invoke0(Native Method)
	at sun.reflect.NativeMethodAccessorImpl.invoke(NativeMethodAccessorImpl.java:39)
	at sun.reflect.DelegatingMethodAccessorImpl.invoke(DelegatingMethodAccessorImpl.java:25)
	at java.lang.reflect.Method.invoke(Method.java:597)
	at org.apache.commons.modeler.BaseModelMBean.invoke(BaseModelMBean.java:458)
	at com.sun.jmx.interceptor.DefaultMBeanServerInterceptor.invoke(DefaultMBeanServerInterceptor.java:836)
	at com.sun.jmx.mbeanserver.JmxMBeanServer.invoke(JmxMBeanServer.java:761)
	at org.apache.catalina.manager.ManagerServlet.check(ManagerServlet.java:1397)
	at org.apache.catalina.manager.HTMLManagerServlet.doPost(HTMLManagerServlet.java:217)
	at javax.servlet.http.HttpServlet.service(HttpServlet.java:647)
	at javax.servlet.http.HttpServlet.service(HttpServlet.java:729)
	at org.apache.catalina.core.ApplicationFilterChain.internalDoFilter(ApplicationFilterChain.java:269)
	at org.apache.catalina.core.ApplicationFilterChain.doFilter(ApplicationFilterChain.java:188)
	at org.apache.catalina.core.StandardWrapperValve.invoke(StandardWrapperValve.java:213)
	at org.apache.catalina.core.StandardContextValve.invoke(StandardContextValve.java:172)
	at org.apache.catalina.authenticator.AuthenticatorBase.invoke(AuthenticatorBase.java:525)
	at org.apache.catalina.core.StandardHostValve.invoke(StandardHostValve.java:127)
	at org.apache.catalina.valves.ErrorReportValve.invoke(ErrorReportValve.java:117)
	at org.apache.catalina.core.StandardEngineValve.invoke(StandardEngineValve.java:108)
	at org.apache.catalina.connector.CoyoteAdapter.service(CoyoteAdapter.java:174)
	at org.apache.coyote.http11.Http11Processor.process(Http11Processor.java:873)
	at org.apache.coyote.http11.Http11BaseProtocol$Http11ConnectionHandler.processConnection(Http11BaseProtocol.java:665)
	at org.apache.tomcat.util.net.PoolTcpEndpoint.processSocket(PoolTcpEndpoint.java:528)
	at org.apache.tomcat.util.net.LeaderFollowerWorkerThread.runIt(LeaderFollowerWorkerThread.java:81)
	at org.apache.tomcat.util.threads.ThreadPool$ControlRunnable.run(ThreadPool.java:689)
	at java.lang.Thread.run(Thread.java:637)
Caused by: org.neodatis.odb.ODBRuntimeException: 
NeoDatis has thrown an Exception, please help us filling a bug report at https://sourceforge.net/tracker/?func=add&group_id=179124&atid=887885 with the following error message
Version=1.9.20 , Build=653, Date=23-10-2009-08-11-36, Thread=http-8080-Processor22
NeoDatisError:276:End Of File reached - position = 0 : Length = 0
StackTrace:
	at org.neodatis.odb.impl.core.layers.layer3.buffer.MultiBufferedIO.manageBufferForNewPosition(MultiBufferedIO.java:151)
	at org.neodatis.odb.impl.core.layers.layer3.buffer.MultiBufferedIO.setCurrentReadPosition(MultiBufferedIO.java:271)
	at org.neodatis.odb.core.layers.layer3.engine.FileSystemInterface.setReadPosition(FileSystemInterface.java:202)
	at org.neodatis.odb.impl.core.layers.layer3.engine.ObjectReader.readEncryptionFlag(ObjectReader.java:180)
	at org.neodatis.odb.impl.core.layers.layer3.engine.ObjectReader.readDatabaseHeader(ObjectReader.java:244)
	at org.neodatis.odb.core.layers.layer3.engine.AbstractStorageEngine.init(AbstractStorageEngine.java:210)
	at org.neodatis.odb.core.layers.layer3.engine.AbstractStorageEngine.<init>(AbstractStorageEngine.java:175)
	at org.neodatis.odb.impl.core.server.layers.layer3.engine.ServerStorageEngine.<init>(ServerStorageEngine.java:55)
	at org.neodatis.odb.impl.DefaultCoreProvider.getServerStorageEngine(DefaultCoreProvider.java:168)
	at org.neodatis.odb.impl.core.server.layers.layer3.engine.ODBServerImpl.addBase(ODBServerImpl.java:113)
	at org.neodatis.odb.impl.main.ODBDefaultServer.addBase(ODBDefaultServer.java:24)
	at uk.co.itstherules.yawf.model.persistence.neodatis.NeoDatisListener.contextInitialized(NeoDatisListener.java:47)
	... 34 more
Dec 11, 2009 10:34:43 PM org.apache.catalina.core.ApplicationContext log
INFO: SessionListener: contextDestroyed()
Dec 11, 2009 10:34:43 PM org.apache.catalina.core.ApplicationContext log
INFO: ContextListener: contextDestroyed()
Dec 11, 2009 10:34:43 PM org.apache.catalina.core.ApplicationContext log
INFO: SessionListener: contextDestroyed()
Dec 11, 2009 10:34:43 PM org.apache.catalina.core.ApplicationContext log
INFO: ContextListener: contextDestroyed()
Dec 11, 2009 10:35:35 PM org.apache.catalina.core.StandardContext listenerStart
SEVERE: Exception sending context initialized event to listener instance of class uk.co.itstherules.yawf.model.persistence.neodatis.NeoDatisListener
java.lang.RuntimeException: org.neodatis.odb.ODBRuntimeException: 
NeoDatis has thrown an Exception, please help us filling a bug report at https://sourceforge.net/tracker/?func=add&group_id=179124&atid=887885 with the following error message
Version=1.9.20 , Build=653, Date=23-10-2009-08-11-36, Thread=main
NeoDatisError:276:End Of File reached - position = 0 : Length = 0
StackTrace:
	at uk.co.itstherules.yawf.model.persistence.neodatis.NeoDatisListener.contextInitialized(NeoDatisListener.java:50)
	at org.apache.catalina.core.StandardContext.listenerStart(StandardContext.java:3795)
	at org.apache.catalina.core.StandardContext.start(StandardContext.java:4252)
	at org.apache.catalina.core.ContainerBase.addChildInternal(ContainerBase.java:760)
	at org.apache.catalina.core.ContainerBase.addChild(ContainerBase.java:740)
	at org.apache.catalina.core.StandardHost.addChild(StandardHost.java:544)
	at org.apache.catalina.startup.HostConfig.deployWAR(HostConfig.java:831)
	at org.apache.catalina.startup.HostConfig.deployWARs(HostConfig.java:720)
	at org.apache.catalina.startup.HostConfig.deployApps(HostConfig.java:490)
	at org.apache.catalina.startup.HostConfig.start(HostConfig.java:1150)
	at org.apache.catalina.startup.HostConfig.lifecycleEvent(HostConfig.java:311)
	at org.apache.catalina.util.LifecycleSupport.fireLifecycleEvent(LifecycleSupport.java:120)
	at org.apache.catalina.core.ContainerBase.start(ContainerBase.java:1022)
	at org.apache.catalina.core.StandardHost.start(StandardHost.java:736)
	at org.apache.catalina.core.ContainerBase.start(ContainerBase.java:1014)
	at org.apache.catalina.core.StandardEngine.start(StandardEngine.java:443)
	at org.apache.catalina.core.StandardService.start(StandardService.java:448)
	at org.apache.catalina.core.StandardServer.start(StandardServer.java:700)
	at org.apache.catalina.startup.Catalina.start(Catalina.java:552)
	at sun.reflect.NativeMethodAccessorImpl.invoke0(Native Method)
	at sun.reflect.NativeMethodAccessorImpl.invoke(NativeMethodAccessorImpl.java:39)
	at sun.reflect.DelegatingMethodAccessorImpl.invoke(DelegatingMethodAccessorImpl.java:25)
	at java.lang.reflect.Method.invoke(Method.java:597)
	at org.apache.catalina.startup.Bootstrap.start(Bootstrap.java:295)
	at org.apache.catalina.startup.Bootstrap.main(Bootstrap.java:433)
Caused by: org.neodatis.odb.ODBRuntimeException: 
NeoDatis has thrown an Exception, please help us filling a bug report at https://sourceforge.net/tracker/?func=add&group_id=179124&atid=887885 with the following error message
Version=1.9.20 , Build=653, Date=23-10-2009-08-11-36, Thread=main
NeoDatisError:276:End Of File reached - position = 0 : Length = 0
StackTrace:
	at org.neodatis.odb.impl.core.layers.layer3.buffer.MultiBufferedIO.manageBufferForNewPosition(MultiBufferedIO.java:151)
	at org.neodatis.odb.impl.core.layers.layer3.buffer.MultiBufferedIO.setCurrentReadPosition(MultiBufferedIO.java:271)
	at org.neodatis.odb.core.layers.layer3.engine.FileSystemInterface.setReadPosition(FileSystemInterface.java:202)
	at org.neodatis.odb.impl.core.layers.layer3.engine.ObjectReader.readEncryptionFlag(ObjectReader.java:180)
	at org.neodatis.odb.impl.core.layers.layer3.engine.ObjectReader.readDatabaseHeader(ObjectReader.java:244)
	at org.neodatis.odb.core.layers.layer3.engine.AbstractStorageEngine.init(AbstractStorageEngine.java:210)
	at org.neodatis.odb.core.layers.layer3.engine.AbstractStorageEngine.<init>(AbstractStorageEngine.java:175)
	at org.neodatis.odb.impl.core.server.layers.layer3.engine.ServerStorageEngine.<init>(ServerStorageEngine.java:55)
	at org.neodatis.odb.impl.DefaultCoreProvider.getServerStorageEngine(DefaultCoreProvider.java:168)
	at org.neodatis.odb.impl.core.server.layers.layer3.engine.ODBServerImpl.addBase(ODBServerImpl.java:113)
	at org.neodatis.odb.impl.main.ODBDefaultServer.addBase(ODBDefaultServer.java:24)
	at uk.co.itstherules.yawf.model.persistence.neodatis.NeoDatisListener.contextInitialized(NeoDatisListener.java:47)
	... 24 more
Dec 11, 2009 10:35:35 PM org.apache.catalina.core.ApplicationContext log
INFO: org.apache.webapp.balancer.BalancerFilter: init(): ruleChain: [org.apache.webapp.balancer.RuleChain: [org.apache.webapp.balancer.rules.URLStringMatchRule: Target string: News / Redirect URL: http://www.cnn.com], [org.apache.webapp.balancer.rules.RequestParameterRule: Target param name: paramName / Target param value: paramValue / Redirect URL: http://www.yahoo.com], [org.apache.webapp.balancer.rules.AcceptEverythingRule: Redirect URL: http://jakarta.apache.org]]
Dec 11, 2009 10:35:46 PM org.apache.catalina.core.ApplicationContext log
INFO: ContextListener: contextInitialized()
Dec 11, 2009 10:35:46 PM org.apache.catalina.core.ApplicationContext log
INFO: SessionListener: contextInitialized()
Dec 11, 2009 10:36:06 PM org.apache.catalina.core.ApplicationContext log
INFO: ContextListener: contextInitialized()
Dec 11, 2009 10:36:06 PM org.apache.catalina.core.ApplicationContext log
INFO: SessionListener: contextInitialized()
Dec 11, 2009 10:46:03 PM org.apache.catalina.core.ApplicationContext log
INFO: SessionListener: contextDestroyed()
Dec 11, 2009 10:46:03 PM org.apache.catalina.core.ApplicationContext log
INFO: ContextListener: contextDestroyed()
Dec 11, 2009 10:46:03 PM org.apache.catalina.core.ApplicationContext log
INFO: SessionListener: contextDestroyed()
Dec 11, 2009 10:46:03 PM org.apache.catalina.core.ApplicationContext log
INFO: ContextListener: contextDestroyed()
