Dec 11, 2009 10:32:05 PM org.apache.catalina.core.ApplicationContext log
INFO: HTMLManager: init: Associated with Deployer 'Catalina:type=Deployer,host=localhost'
Dec 11, 2009 10:32:05 PM org.apache.catalina.core.ApplicationContext log
INFO: HTMLManager: init: Global resources are available
Dec 11, 2009 10:32:05 PM org.apache.catalina.core.ApplicationContext log
INFO: HTMLManager: start: Starting web application at '/StoryBoardInstanceManager'
Dec 11, 2009 10:32:05 PM org.apache.catalina.core.ApplicationContext log
INFO: HTMLManager: start: Starting web application at '/StoryBoardInstanceManager'
Dec 11, 2009 10:32:06 PM org.apache.catalina.core.ApplicationContext log
INFO: HTMLManager: list: Listing contexts for virtual host 'localhost'
Dec 11, 2009 10:32:06 PM org.apache.catalina.core.ApplicationContext log
INFO: HTMLManager: list: Listing contexts for virtual host 'localhost'
Dec 11, 2009 10:32:16 PM org.apache.catalina.core.ApplicationContext log
INFO: HTMLManager: undeploy: Undeploying web application at '/StoryBoardInstanceManager'
Dec 11, 2009 10:32:16 PM org.apache.catalina.core.ApplicationContext log
INFO: HTMLManager: list: Listing contexts for virtual host 'localhost'
Dec 11, 2009 10:33:07 PM org.apache.catalina.core.ApplicationContext log
INFO: HTMLManager: list: Listing contexts for virtual host 'localhost'
Dec 11, 2009 10:36:26 PM org.apache.catalina.core.ApplicationContext log
INFO: HTMLManager: init: Associated with Deployer 'Catalina:type=Deployer,host=localhost'
Dec 11, 2009 10:36:26 PM org.apache.catalina.core.ApplicationContext log
INFO: HTMLManager: init: Global resources are available
Dec 11, 2009 10:36:27 PM org.apache.catalina.core.ApplicationContext log
INFO: HTMLManager: undeploy: Undeploying web application at '/StoryBoardInstanceManager'
Dec 11, 2009 10:36:27 PM org.apache.catalina.core.ApplicationContext log
INFO: HTMLManager: list: Listing contexts for virtual host 'localhost'
Dec 11, 2009 10:36:27 PM org.apache.catalina.core.ApplicationContext log
INFO: HTMLManager: undeploy: Undeploying web application at '/StoryBoardInstanceManager'
Dec 11, 2009 10:36:27 PM org.apache.catalina.core.ApplicationContext log
INFO: HTMLManager: list: Listing contexts for virtual host 'localhost'
Dec 11, 2009 10:36:39 PM org.apache.catalina.core.ApplicationContext log
INFO: HTMLManager: undeploy: Undeploying web application at '/StoryBoardInstanceManager'
Dec 11, 2009 10:36:39 PM org.apache.catalina.core.ApplicationContext log
INFO: HTMLManager: list: Listing contexts for virtual host 'localhost'
Dec 11, 2009 10:36:42 PM org.apache.catalina.core.ApplicationContext log
INFO: HTMLManager: undeploy: Undeploying web application at '/StoryBoardInstanceManager'
Dec 11, 2009 10:36:42 PM org.apache.catalina.core.ApplicationContext log
INFO: HTMLManager: list: Listing contexts for virtual host 'localhost'
Dec 11, 2009 10:36:45 PM org.apache.catalina.core.ApplicationContext log
INFO: HTMLManager: undeploy: Undeploying web application at '/StoryBoardInstanceManager'
Dec 11, 2009 10:36:45 PM org.apache.catalina.core.ApplicationContext log
INFO: HTMLManager: list: Listing contexts for virtual host 'localhost'
Dec 11, 2009 10:36:49 PM org.apache.catalina.core.ApplicationContext log
INFO: HTMLManager: list: Listing contexts for virtual host 'localhost'
