Oct 29, 2009 12:50:34 PM org.apache.catalina.core.AprLifecycleListener init
INFO: The APR based Apache Tomcat Native library which allows optimal performance in production environments was not found on the java.library.path: .:/Library/Java/Extensions:/System/Library/Java/Extensions:/usr/lib/java
Oct 29, 2009 12:50:35 PM org.apache.coyote.http11.Http11Protocol init
INFO: Initializing Coyote HTTP/1.1 on http-8080
Oct 29, 2009 12:50:35 PM org.apache.catalina.startup.Catalina load
INFO: Initialization processed in 1293 ms
Oct 29, 2009 12:50:35 PM org.apache.catalina.core.StandardService start
INFO: Starting service Catalina
Oct 29, 2009 12:50:35 PM org.apache.catalina.core.StandardEngine start
INFO: Starting Servlet Engine: Apache Tomcat/6.0.20
Oct 29, 2009 12:50:36 PM org.apache.catalina.startup.HostConfig deployWAR
INFO: Deploying web application archive StoryBoardWebsite.war
Oct 29, 2009 12:50:37 PM org.apache.catalina.core.StandardContext start
SEVERE: Error listenerStart
Oct 29, 2009 12:50:37 PM org.apache.catalina.core.StandardContext start
SEVERE: Context [/StoryBoardWebsite] startup failed due to previous errors
Oct 29, 2009 12:50:38 PM org.apache.coyote.http11.Http11Protocol start
INFO: Starting Coyote HTTP/1.1 on http-8080
Oct 29, 2009 12:50:38 PM org.apache.jk.common.ChannelSocket init
INFO: JK: ajp13 listening on /0.0.0.0:8009
Oct 29, 2009 12:50:38 PM org.apache.jk.server.JkMain start
INFO: Jk running ID=0 time=0/30  config=null
Oct 29, 2009 12:50:38 PM org.apache.catalina.startup.Catalina start
INFO: Server startup in 3204 ms
Oct 29, 2009 12:52:33 PM org.apache.catalina.core.StandardContext stop
INFO: Container org.apache.catalina.core.ContainerBase.[Catalina].[localhost].[/StoryBoardWebsite] has not been started
Oct 29, 2009 12:52:33 PM org.apache.catalina.startup.HostConfig checkResources
INFO: Undeploying context [/StoryBoardWebsite]
Oct 29, 2009 12:52:52 PM org.apache.catalina.startup.HostConfig deployWAR
INFO: Deploying web application archive StoryBoardWebsite.war
Oct 29, 2009 12:52:52 PM org.apache.catalina.startup.ContextConfig validateSecurityRoles
INFO: WARNING: Security role name StoryBoardUser used in an <auth-constraint> without being defined in a <security-role>
Oct 29, 2009 1:07:29 PM org.apache.catalina.startup.HostConfig checkResources
INFO: Undeploying context [/StoryBoardWebsite]
Oct 29, 2009 1:07:47 PM org.apache.catalina.startup.HostConfig deployWAR
INFO: Deploying web application archive StoryBoardWebsite.war
Oct 29, 2009 1:11:51 PM org.apache.coyote.http11.Http11Protocol pause
INFO: Pausing Coyote HTTP/1.1 on http-8080
Oct 29, 2009 1:11:52 PM org.apache.catalina.core.StandardService stop
INFO: Stopping service Catalina
Oct 29, 2009 1:11:52 PM org.apache.coyote.http11.Http11Protocol destroy
INFO: Stopping Coyote HTTP/1.1 on http-8080
Oct 29, 2009 2:18:26 PM org.apache.catalina.core.AprLifecycleListener init
INFO: The APR based Apache Tomcat Native library which allows optimal performance in production environments was not found on the java.library.path: .:/Library/Java/Extensions:/System/Library/Java/Extensions:/usr/lib/java
Oct 29, 2009 2:18:26 PM org.apache.coyote.http11.Http11Protocol init
INFO: Initializing Coyote HTTP/1.1 on http-8080
Oct 29, 2009 2:18:26 PM org.apache.catalina.startup.Catalina load
INFO: Initialization processed in 646 ms
Oct 29, 2009 2:18:26 PM org.apache.catalina.core.StandardService start
INFO: Starting service Catalina
Oct 29, 2009 2:18:26 PM org.apache.catalina.core.StandardEngine start
INFO: Starting Servlet Engine: Apache Tomcat/6.0.20
Oct 29, 2009 2:18:27 PM org.apache.catalina.startup.HostConfig deployWAR
INFO: Deploying web application archive StoryBoardWebsite.war
Oct 29, 2009 2:18:28 PM org.apache.coyote.http11.Http11Protocol start
INFO: Starting Coyote HTTP/1.1 on http-8080
Oct 29, 2009 2:18:28 PM org.apache.jk.common.ChannelSocket init
INFO: JK: ajp13 listening on /0.0.0.0:8009
Oct 29, 2009 2:18:28 PM org.apache.jk.server.JkMain start
INFO: Jk running ID=0 time=0/24  config=null
Oct 29, 2009 2:18:28 PM org.apache.catalina.startup.Catalina start
INFO: Server startup in 1718 ms
Oct 29, 2009 2:18:46 PM freemarker.log.JDK14LoggerFactory$JDK14Logger error
SEVERE: 

Expression item.status is undefined on line 27, column 106 in item/print.freemarker.
The problematic instruction:
----------
==> ${item.status.title} [on line 27, column 104 in item/print.freemarker]
----------

Java backtrace for programmers:
----------
freemarker.core.InvalidReferenceException: Expression item.status is undefined on line 27, column 106 in item/print.freemarker.
	at freemarker.core.TemplateObject.assertNonNull(TemplateObject.java:124)
	at freemarker.core.TemplateObject.invalidTypeException(TemplateObject.java:134)
	at freemarker.core.Dot._getAsTemplateModel(Dot.java:78)
	at freemarker.core.Expression.getAsTemplateModel(Expression.java:89)
	at freemarker.core.Expression.getStringValue(Expression.java:93)
	at freemarker.core.DollarVariable.accept(DollarVariable.java:76)
	at freemarker.core.Environment.visit(Environment.java:208)
	at freemarker.core.MixedContent.accept(MixedContent.java:92)
	at freemarker.core.Environment.visit(Environment.java:208)
	at freemarker.core.IteratorBlock$Context.runLoop(IteratorBlock.java:179)
	at freemarker.core.Environment.visit(Environment.java:415)
	at freemarker.core.IteratorBlock.accept(IteratorBlock.java:102)
	at freemarker.core.Environment.visit(Environment.java:208)
	at freemarker.core.MixedContent.accept(MixedContent.java:92)
	at freemarker.core.Environment.visit(Environment.java:208)
	at freemarker.core.Environment.process(Environment.java:188)
	at uk.co.itstherules.yawf.view.BaseView.asText(BaseView.java:75)
	at uk.co.itstherules.yawf.view.BaseView.renderTo(BaseView.java:63)
	at uk.co.itstherules.storyboard.editor.controller.active.Items.list(Items.java:69)
	at uk.co.itstherules.yawf.dispatcher.active.List.dispatch(List.java:14)
	at uk.co.itstherules.yawf.controller.Base.dispatch(Base.java:20)
	at uk.co.itstherules.yawf.controller.Cache.dispatch(Cache.java:46)
	at uk.co.itstherules.yawf.controller.MainWebController.control(MainWebController.java:18)
	at uk.co.itstherules.storyboard.editor.MainServlet.doGet(MainServlet.java:56)
	at javax.servlet.http.HttpServlet.service(HttpServlet.java:617)
	at javax.servlet.http.HttpServlet.service(HttpServlet.java:717)
	at org.apache.catalina.core.ApplicationFilterChain.internalDoFilter(ApplicationFilterChain.java:290)
	at org.apache.catalina.core.ApplicationFilterChain.doFilter(ApplicationFilterChain.java:206)
	at org.apache.catalina.core.StandardWrapperValve.invoke(StandardWrapperValve.java:233)
	at org.apache.catalina.core.StandardContextValve.invoke(StandardContextValve.java:191)
	at org.apache.catalina.core.StandardHostValve.invoke(StandardHostValve.java:128)
	at org.apache.catalina.valves.ErrorReportValve.invoke(ErrorReportValve.java:102)
	at org.apache.catalina.core.StandardEngineValve.invoke(StandardEngineValve.java:109)
	at org.apache.catalina.connector.CoyoteAdapter.service(CoyoteAdapter.java:293)
	at org.apache.coyote.http11.Http11Processor.process(Http11Processor.java:849)
	at org.apache.coyote.http11.Http11Protocol$Http11ConnectionHandler.process(Http11Protocol.java:583)
	at org.apache.tomcat.util.net.JIoEndpoint$Worker.run(JIoEndpoint.java:454)
	at java.lang.Thread.run(Thread.java:637)
Oct 29, 2009 2:18:51 PM freemarker.log.JDK14LoggerFactory$JDK14Logger error
SEVERE: 

Expression item.status is undefined on line 27, column 106 in item/print.freemarker.
The problematic instruction:
----------
==> ${item.status.title} [on line 27, column 104 in item/print.freemarker]
----------

Java backtrace for programmers:
----------
freemarker.core.InvalidReferenceException: Expression item.status is undefined on line 27, column 106 in item/print.freemarker.
	at freemarker.core.TemplateObject.assertNonNull(TemplateObject.java:124)
	at freemarker.core.TemplateObject.invalidTypeException(TemplateObject.java:134)
	at freemarker.core.Dot._getAsTemplateModel(Dot.java:78)
	at freemarker.core.Expression.getAsTemplateModel(Expression.java:89)
	at freemarker.core.Expression.getStringValue(Expression.java:93)
	at freemarker.core.DollarVariable.accept(DollarVariable.java:76)
	at freemarker.core.Environment.visit(Environment.java:208)
	at freemarker.core.MixedContent.accept(MixedContent.java:92)
	at freemarker.core.Environment.visit(Environment.java:208)
	at freemarker.core.IteratorBlock$Context.runLoop(IteratorBlock.java:179)
	at freemarker.core.Environment.visit(Environment.java:415)
	at freemarker.core.IteratorBlock.accept(IteratorBlock.java:102)
	at freemarker.core.Environment.visit(Environment.java:208)
	at freemarker.core.MixedContent.accept(MixedContent.java:92)
	at freemarker.core.Environment.visit(Environment.java:208)
	at freemarker.core.Environment.process(Environment.java:188)
	at uk.co.itstherules.yawf.view.BaseView.asText(BaseView.java:75)
	at uk.co.itstherules.yawf.view.BaseView.renderTo(BaseView.java:63)
	at uk.co.itstherules.storyboard.editor.controller.active.Items.list(Items.java:69)
	at uk.co.itstherules.yawf.dispatcher.active.List.dispatch(List.java:14)
	at uk.co.itstherules.yawf.controller.Base.dispatch(Base.java:20)
	at uk.co.itstherules.yawf.controller.Cache.dispatch(Cache.java:46)
	at uk.co.itstherules.yawf.controller.MainWebController.control(MainWebController.java:18)
	at uk.co.itstherules.storyboard.editor.MainServlet.doGet(MainServlet.java:56)
	at javax.servlet.http.HttpServlet.service(HttpServlet.java:617)
	at javax.servlet.http.HttpServlet.service(HttpServlet.java:717)
	at org.apache.catalina.core.ApplicationFilterChain.internalDoFilter(ApplicationFilterChain.java:290)
	at org.apache.catalina.core.ApplicationFilterChain.doFilter(ApplicationFilterChain.java:206)
	at org.apache.catalina.core.StandardWrapperValve.invoke(StandardWrapperValve.java:233)
	at org.apache.catalina.core.StandardContextValve.invoke(StandardContextValve.java:191)
	at org.apache.catalina.core.StandardHostValve.invoke(StandardHostValve.java:128)
	at org.apache.catalina.valves.ErrorReportValve.invoke(ErrorReportValve.java:102)
	at org.apache.catalina.core.StandardEngineValve.invoke(StandardEngineValve.java:109)
	at org.apache.catalina.connector.CoyoteAdapter.service(CoyoteAdapter.java:293)
	at org.apache.coyote.http11.Http11Processor.process(Http11Processor.java:849)
	at org.apache.coyote.http11.Http11Protocol$Http11ConnectionHandler.process(Http11Protocol.java:583)
	at org.apache.tomcat.util.net.JIoEndpoint$Worker.run(JIoEndpoint.java:454)
	at java.lang.Thread.run(Thread.java:637)
Oct 29, 2009 2:19:03 PM org.apache.coyote.http11.Http11Protocol pause
INFO: Pausing Coyote HTTP/1.1 on http-8080
Oct 29, 2009 2:19:04 PM org.apache.catalina.core.StandardService stop
INFO: Stopping service Catalina
Oct 29, 2009 2:19:04 PM org.apache.coyote.http11.Http11Protocol destroy
INFO: Stopping Coyote HTTP/1.1 on http-8080
