Oct 29, 2009 12:50:37 PM org.apache.catalina.core.StandardContext listenerStart
SEVERE: Exception sending context initialized event to listener instance of class uk.co.itstherules.yawf.model.persistence.neodatis.NeoDatisListener
java.lang.RuntimeException: org.neodatis.odb.ODBRuntimeException: 
NeoDatis has thrown an Exception, please help us filling a bug report at https://sourceforge.net/tracker/?func=add&group_id=179124&atid=887885 with the following error message
Version=1.9.14 , Build=624, Date=25-09-2009-00-28-42, Thread=main
NeoDatisError:228:Error while creating (reflection) class uk.co.itstherules.storyboard.editor.model.SyncServerModel$SyncType
StackTrace:
	at uk.co.itstherules.yawf.model.persistence.neodatis.NeoDatisListener.contextInitialized(NeoDatisListener.java:49)
	at org.apache.catalina.core.StandardContext.listenerStart(StandardContext.java:3934)
	at org.apache.catalina.core.StandardContext.start(StandardContext.java:4429)
	at org.apache.catalina.core.ContainerBase.addChildInternal(ContainerBase.java:791)
	at org.apache.catalina.core.ContainerBase.addChild(ContainerBase.java:771)
	at org.apache.catalina.core.StandardHost.addChild(StandardHost.java:526)
	at org.apache.catalina.startup.HostConfig.deployWAR(HostConfig.java:850)
	at org.apache.catalina.startup.HostConfig.deployWARs(HostConfig.java:724)
	at org.apache.catalina.startup.HostConfig.deployApps(HostConfig.java:493)
	at org.apache.catalina.startup.HostConfig.start(HostConfig.java:1206)
	at org.apache.catalina.startup.HostConfig.lifecycleEvent(HostConfig.java:314)
	at org.apache.catalina.util.LifecycleSupport.fireLifecycleEvent(LifecycleSupport.java:119)
	at org.apache.catalina.core.ContainerBase.start(ContainerBase.java:1053)
	at org.apache.catalina.core.StandardHost.start(StandardHost.java:722)
	at org.apache.catalina.core.ContainerBase.start(ContainerBase.java:1045)
	at org.apache.catalina.core.StandardEngine.start(StandardEngine.java:443)
	at org.apache.catalina.core.StandardService.start(StandardService.java:516)
	at org.apache.catalina.core.StandardServer.start(StandardServer.java:710)
	at org.apache.catalina.startup.Catalina.start(Catalina.java:583)
	at sun.reflect.NativeMethodAccessorImpl.invoke0(Native Method)
	at sun.reflect.NativeMethodAccessorImpl.invoke(NativeMethodAccessorImpl.java:39)
	at sun.reflect.DelegatingMethodAccessorImpl.invoke(DelegatingMethodAccessorImpl.java:25)
	at java.lang.reflect.Method.invoke(Method.java:597)
	at org.apache.catalina.startup.Bootstrap.start(Bootstrap.java:288)
	at org.apache.catalina.startup.Bootstrap.main(Bootstrap.java:413)
Caused by: org.neodatis.odb.ODBRuntimeException: 
NeoDatis has thrown an Exception, please help us filling a bug report at https://sourceforge.net/tracker/?func=add&group_id=179124&atid=887885 with the following error message
Version=1.9.14 , Build=624, Date=25-09-2009-00-28-42, Thread=main
NeoDatisError:228:Error while creating (reflection) class uk.co.itstherules.storyboard.editor.model.SyncServerModel$SyncType
StackTrace:
	at org.neodatis.odb.impl.core.layers.layer2.instance.ODBClassPool.getClass(ODBClassPool.java:82)
	at org.neodatis.odb.impl.core.layers.layer1.introspector.AbstractClassIntrospector.getSuperClasses(AbstractClassIntrospector.java:388)
	at org.neodatis.odb.impl.core.layers.layer1.introspector.AbstractClassIntrospector.getAllFields(AbstractClassIntrospector.java:447)
	at org.neodatis.odb.impl.core.layers.layer1.introspector.AbstractClassIntrospector.getClassInfo(AbstractClassIntrospector.java:348)
	at org.neodatis.odb.impl.core.layers.layer1.introspector.AbstractClassIntrospector.instrospect(AbstractClassIntrospector.java:276)
	at org.neodatis.odb.core.layers.layer3.engine.AbstractStorageEngine.init(AbstractStorageEngine.java:221)
	at org.neodatis.odb.core.layers.layer3.engine.AbstractStorageEngine.<init>(AbstractStorageEngine.java:171)
	at org.neodatis.odb.impl.core.server.layers.layer3.engine.ServerStorageEngine.<init>(ServerStorageEngine.java:55)
	at org.neodatis.odb.impl.DefaultCoreProvider.getServerStorageEngine(DefaultCoreProvider.java:168)
	at org.neodatis.odb.impl.core.server.layers.layer3.engine.ODBServerImpl.addBase(ODBServerImpl.java:113)
	at org.neodatis.odb.impl.main.ODBDefaultServer.addBase(ODBDefaultServer.java:24)
	at uk.co.itstherules.yawf.model.persistence.neodatis.NeoDatisListener.contextInitialized(NeoDatisListener.java:46)
	... 24 more
Caused by: java.lang.ClassNotFoundException: uk.co.itstherules.storyboard.editor.model.SyncServerModel$SyncType
	at org.apache.catalina.loader.WebappClassLoader.loadClass(WebappClassLoader.java:1387)
	at org.apache.catalina.loader.WebappClassLoader.loadClass(WebappClassLoader.java:1233)
	at org.neodatis.odb.impl.core.layers.layer2.instance.ODBClassPool.getClass(ODBClassPool.java:75)
	... 35 more
Oct 29, 2009 12:50:38 PM org.apache.catalina.core.ApplicationContext log
INFO: ContextListener: contextInitialized()
Oct 29, 2009 12:50:38 PM org.apache.catalina.core.ApplicationContext log
INFO: SessionListener: contextInitialized()
Oct 29, 2009 1:11:52 PM org.apache.catalina.core.ApplicationContext log
INFO: SessionListener: contextDestroyed()
Oct 29, 2009 1:11:52 PM org.apache.catalina.core.ApplicationContext log
INFO: ContextListener: contextDestroyed()
Oct 29, 2009 2:18:28 PM org.apache.catalina.core.ApplicationContext log
INFO: ContextListener: contextInitialized()
Oct 29, 2009 2:18:28 PM org.apache.catalina.core.ApplicationContext log
INFO: SessionListener: contextInitialized()
Oct 29, 2009 2:18:46 PM org.apache.catalina.core.StandardWrapperValve invoke
SEVERE: Servlet.service() for servlet StoryBoard threw exception
java.lang.RuntimeException: java.lang.RuntimeException: Programatic error - unable to process templates
	at uk.co.itstherules.yawf.controller.MainWebController.control(MainWebController.java:26)
	at uk.co.itstherules.storyboard.editor.MainServlet.doGet(MainServlet.java:56)
	at javax.servlet.http.HttpServlet.service(HttpServlet.java:617)
	at javax.servlet.http.HttpServlet.service(HttpServlet.java:717)
	at org.apache.catalina.core.ApplicationFilterChain.internalDoFilter(ApplicationFilterChain.java:290)
	at org.apache.catalina.core.ApplicationFilterChain.doFilter(ApplicationFilterChain.java:206)
	at org.apache.catalina.core.StandardWrapperValve.invoke(StandardWrapperValve.java:233)
	at org.apache.catalina.core.StandardContextValve.invoke(StandardContextValve.java:191)
	at org.apache.catalina.core.StandardHostValve.invoke(StandardHostValve.java:128)
	at org.apache.catalina.valves.ErrorReportValve.invoke(ErrorReportValve.java:102)
	at org.apache.catalina.core.StandardEngineValve.invoke(StandardEngineValve.java:109)
	at org.apache.catalina.connector.CoyoteAdapter.service(CoyoteAdapter.java:293)
	at org.apache.coyote.http11.Http11Processor.process(Http11Processor.java:849)
	at org.apache.coyote.http11.Http11Protocol$Http11ConnectionHandler.process(Http11Protocol.java:583)
	at org.apache.tomcat.util.net.JIoEndpoint$Worker.run(JIoEndpoint.java:454)
	at java.lang.Thread.run(Thread.java:637)
Caused by: java.lang.RuntimeException: Programatic error - unable to process templates
	at uk.co.itstherules.yawf.view.BaseView.asText(BaseView.java:77)
	at uk.co.itstherules.yawf.view.BaseView.renderTo(BaseView.java:63)
	at uk.co.itstherules.storyboard.editor.controller.active.Items.list(Items.java:69)
	at uk.co.itstherules.yawf.dispatcher.active.List.dispatch(List.java:14)
	at uk.co.itstherules.yawf.controller.Base.dispatch(Base.java:20)
	at uk.co.itstherules.yawf.controller.Cache.dispatch(Cache.java:46)
	at uk.co.itstherules.yawf.controller.MainWebController.control(MainWebController.java:18)
	... 15 more
Caused by: freemarker.core.InvalidReferenceException: Expression item.status is undefined on line 27, column 106 in item/print.freemarker.
	at freemarker.core.TemplateObject.assertNonNull(TemplateObject.java:124)
	at freemarker.core.TemplateObject.invalidTypeException(TemplateObject.java:134)
	at freemarker.core.Dot._getAsTemplateModel(Dot.java:78)
	at freemarker.core.Expression.getAsTemplateModel(Expression.java:89)
	at freemarker.core.Expression.getStringValue(Expression.java:93)
	at freemarker.core.DollarVariable.accept(DollarVariable.java:76)
	at freemarker.core.Environment.visit(Environment.java:208)
	at freemarker.core.MixedContent.accept(MixedContent.java:92)
	at freemarker.core.Environment.visit(Environment.java:208)
	at freemarker.core.IteratorBlock$Context.runLoop(IteratorBlock.java:179)
	at freemarker.core.Environment.visit(Environment.java:415)
	at freemarker.core.IteratorBlock.accept(IteratorBlock.java:102)
	at freemarker.core.Environment.visit(Environment.java:208)
	at freemarker.core.MixedContent.accept(MixedContent.java:92)
	at freemarker.core.Environment.visit(Environment.java:208)
	at freemarker.core.Environment.process(Environment.java:188)
	at uk.co.itstherules.yawf.view.BaseView.asText(BaseView.java:75)
	... 21 more
Oct 29, 2009 2:18:51 PM org.apache.catalina.core.StandardWrapperValve invoke
SEVERE: Servlet.service() for servlet StoryBoard threw exception
java.lang.RuntimeException: java.lang.RuntimeException: Programatic error - unable to process templates
	at uk.co.itstherules.yawf.controller.MainWebController.control(MainWebController.java:26)
	at uk.co.itstherules.storyboard.editor.MainServlet.doGet(MainServlet.java:56)
	at javax.servlet.http.HttpServlet.service(HttpServlet.java:617)
	at javax.servlet.http.HttpServlet.service(HttpServlet.java:717)
	at org.apache.catalina.core.ApplicationFilterChain.internalDoFilter(ApplicationFilterChain.java:290)
	at org.apache.catalina.core.ApplicationFilterChain.doFilter(ApplicationFilterChain.java:206)
	at org.apache.catalina.core.StandardWrapperValve.invoke(StandardWrapperValve.java:233)
	at org.apache.catalina.core.StandardContextValve.invoke(StandardContextValve.java:191)
	at org.apache.catalina.core.StandardHostValve.invoke(StandardHostValve.java:128)
	at org.apache.catalina.valves.ErrorReportValve.invoke(ErrorReportValve.java:102)
	at org.apache.catalina.core.StandardEngineValve.invoke(StandardEngineValve.java:109)
	at org.apache.catalina.connector.CoyoteAdapter.service(CoyoteAdapter.java:293)
	at org.apache.coyote.http11.Http11Processor.process(Http11Processor.java:849)
	at org.apache.coyote.http11.Http11Protocol$Http11ConnectionHandler.process(Http11Protocol.java:583)
	at org.apache.tomcat.util.net.JIoEndpoint$Worker.run(JIoEndpoint.java:454)
	at java.lang.Thread.run(Thread.java:637)
Caused by: java.lang.RuntimeException: Programatic error - unable to process templates
	at uk.co.itstherules.yawf.view.BaseView.asText(BaseView.java:77)
	at uk.co.itstherules.yawf.view.BaseView.renderTo(BaseView.java:63)
	at uk.co.itstherules.storyboard.editor.controller.active.Items.list(Items.java:69)
	at uk.co.itstherules.yawf.dispatcher.active.List.dispatch(List.java:14)
	at uk.co.itstherules.yawf.controller.Base.dispatch(Base.java:20)
	at uk.co.itstherules.yawf.controller.Cache.dispatch(Cache.java:46)
	at uk.co.itstherules.yawf.controller.MainWebController.control(MainWebController.java:18)
	... 15 more
Caused by: freemarker.core.InvalidReferenceException: Expression item.status is undefined on line 27, column 106 in item/print.freemarker.
	at freemarker.core.TemplateObject.assertNonNull(TemplateObject.java:124)
	at freemarker.core.TemplateObject.invalidTypeException(TemplateObject.java:134)
	at freemarker.core.Dot._getAsTemplateModel(Dot.java:78)
	at freemarker.core.Expression.getAsTemplateModel(Expression.java:89)
	at freemarker.core.Expression.getStringValue(Expression.java:93)
	at freemarker.core.DollarVariable.accept(DollarVariable.java:76)
	at freemarker.core.Environment.visit(Environment.java:208)
	at freemarker.core.MixedContent.accept(MixedContent.java:92)
	at freemarker.core.Environment.visit(Environment.java:208)
	at freemarker.core.IteratorBlock$Context.runLoop(IteratorBlock.java:179)
	at freemarker.core.Environment.visit(Environment.java:415)
	at freemarker.core.IteratorBlock.accept(IteratorBlock.java:102)
	at freemarker.core.Environment.visit(Environment.java:208)
	at freemarker.core.MixedContent.accept(MixedContent.java:92)
	at freemarker.core.Environment.visit(Environment.java:208)
	at freemarker.core.Environment.process(Environment.java:188)
	at uk.co.itstherules.yawf.view.BaseView.asText(BaseView.java:75)
	... 21 more
Oct 29, 2009 2:19:04 PM org.apache.catalina.core.ApplicationContext log
INFO: SessionListener: contextDestroyed()
Oct 29, 2009 2:19:04 PM org.apache.catalina.core.ApplicationContext log
INFO: ContextListener: contextDestroyed()
