Oct 18, 2009 12:58:00 AM org.apache.catalina.core.StandardWrapperValve invoke
SEVERE: Servlet.service() for servlet StoryBoard threw exception
java.lang.RuntimeException: java.lang.RuntimeException: Programatic error - unable to process templates
	at uk.co.itstherules.yawf.controller.MainWebController.control(MainWebController.java:26)
	at uk.co.itstherules.storyboard.editor.MainServlet.doGet(MainServlet.java:56)
	at javax.servlet.http.HttpServlet.service(HttpServlet.java:617)
	at javax.servlet.http.HttpServlet.service(HttpServlet.java:717)
	at org.apache.catalina.core.ApplicationFilterChain.internalDoFilter(ApplicationFilterChain.java:290)
	at org.apache.catalina.core.ApplicationFilterChain.doFilter(ApplicationFilterChain.java:206)
	at org.apache.catalina.core.StandardWrapperValve.invoke(StandardWrapperValve.java:233)
	at org.apache.catalina.core.StandardContextValve.invoke(StandardContextValve.java:191)
	at org.apache.catalina.authenticator.AuthenticatorBase.invoke(AuthenticatorBase.java:433)
	at org.apache.catalina.core.StandardHostValve.invoke(StandardHostValve.java:128)
	at org.apache.catalina.valves.ErrorReportValve.invoke(ErrorReportValve.java:102)
	at org.apache.catalina.core.StandardEngineValve.invoke(StandardEngineValve.java:109)
	at org.apache.catalina.connector.CoyoteAdapter.service(CoyoteAdapter.java:293)
	at org.apache.coyote.http11.Http11Processor.process(Http11Processor.java:849)
	at org.apache.coyote.http11.Http11Protocol$Http11ConnectionHandler.process(Http11Protocol.java:583)
	at org.apache.tomcat.util.net.JIoEndpoint$Worker.run(JIoEndpoint.java:454)
	at java.lang.Thread.run(Thread.java:637)
Caused by: java.lang.RuntimeException: Programatic error - unable to process templates
	at uk.co.itstherules.yawf.view.BaseView.asText(BaseView.java:77)
	at uk.co.itstherules.storyboard.editor.controller.active.Home.show(Home.java:22)
	at uk.co.itstherules.yawf.dispatcher.active.Show.dispatch(Show.java:15)
	at uk.co.itstherules.yawf.controller.Base.dispatch(Base.java:18)
	at uk.co.itstherules.yawf.controller.Cache.dispatch(Cache.java:46)
	at uk.co.itstherules.yawf.controller.MainWebController.control(MainWebController.java:18)
	... 16 more
Caused by: java.io.FileNotFoundException: JAR entry uk/co/itstherules/storyboard/editor/view/home/index.freemarker not found in /Users/benhoskins/Code/java/Packages/apache/apache-tomcat-6.0.20/webapps/StoryBoardWebsite/WEB-INF/lib/StoryBoardWebsite.jar
	at sun.net.www.protocol.jar.JarURLConnection.connect(JarURLConnection.java:122)
	at sun.net.www.protocol.jar.JarURLConnection.getInputStream(JarURLConnection.java:132)
	at freemarker.cache.URLTemplateSource.close(URLTemplateSource.java:140)
	at freemarker.cache.URLTemplateLoader.closeTemplateSource(URLTemplateLoader.java:107)
	at freemarker.cache.TemplateCache.getTemplate(TemplateCache.java:382)
	at freemarker.cache.TemplateCache.getTemplate(TemplateCache.java:235)
	at freemarker.template.Configuration.getTemplate(Configuration.java:487)
	at freemarker.template.Configuration.getTemplate(Configuration.java:452)
	at uk.co.itstherules.yawf.view.BaseView.asText(BaseView.java:72)
	... 21 more
Oct 18, 2009 1:22:13 AM org.apache.catalina.core.StandardWrapperValve invoke
SEVERE: Servlet.service() for servlet StoryBoard threw exception
java.lang.RuntimeException: java.lang.RuntimeException: Programatic error - unable to process templates
	at uk.co.itstherules.yawf.controller.MainWebController.control(MainWebController.java:26)
	at uk.co.itstherules.storyboard.editor.MainServlet.doGet(MainServlet.java:56)
	at javax.servlet.http.HttpServlet.service(HttpServlet.java:617)
	at javax.servlet.http.HttpServlet.service(HttpServlet.java:717)
	at org.apache.catalina.core.ApplicationFilterChain.internalDoFilter(ApplicationFilterChain.java:290)
	at org.apache.catalina.core.ApplicationFilterChain.doFilter(ApplicationFilterChain.java:206)
	at org.apache.catalina.core.StandardWrapperValve.invoke(StandardWrapperValve.java:233)
	at org.apache.catalina.core.StandardContextValve.invoke(StandardContextValve.java:191)
	at org.apache.catalina.authenticator.AuthenticatorBase.invoke(AuthenticatorBase.java:433)
	at org.apache.catalina.core.StandardHostValve.invoke(StandardHostValve.java:128)
	at org.apache.catalina.valves.ErrorReportValve.invoke(ErrorReportValve.java:102)
	at org.apache.catalina.core.StandardEngineValve.invoke(StandardEngineValve.java:109)
	at org.apache.catalina.connector.CoyoteAdapter.service(CoyoteAdapter.java:293)
	at org.apache.coyote.http11.Http11Processor.process(Http11Processor.java:849)
	at org.apache.coyote.http11.Http11Protocol$Http11ConnectionHandler.process(Http11Protocol.java:583)
	at org.apache.tomcat.util.net.JIoEndpoint$Worker.run(JIoEndpoint.java:454)
	at java.lang.Thread.run(Thread.java:637)
Caused by: java.lang.RuntimeException: Programatic error - unable to process templates
	at uk.co.itstherules.yawf.view.BaseView.asText(BaseView.java:77)
	at uk.co.itstherules.storyboard.editor.controller.active.Home.show(Home.java:22)
	at uk.co.itstherules.yawf.dispatcher.active.Show.dispatch(Show.java:15)
	at uk.co.itstherules.yawf.controller.Base.dispatch(Base.java:18)
	at uk.co.itstherules.yawf.controller.Cache.dispatch(Cache.java:46)
	at uk.co.itstherules.yawf.controller.MainWebController.control(MainWebController.java:18)
	... 16 more
Caused by: java.io.FileNotFoundException: JAR entry uk/co/itstherules/storyboard/editor/view/home/index.freemarker not found in /Users/benhoskins/Code/java/Packages/apache/apache-tomcat-6.0.20/webapps/StoryBoardWebsite/WEB-INF/lib/StoryBoardWebsite.jar
	at sun.net.www.protocol.jar.JarURLConnection.connect(JarURLConnection.java:122)
	at sun.net.www.protocol.jar.JarURLConnection.getInputStream(JarURLConnection.java:132)
	at freemarker.cache.URLTemplateSource.close(URLTemplateSource.java:140)
	at freemarker.cache.URLTemplateLoader.closeTemplateSource(URLTemplateLoader.java:107)
	at freemarker.cache.TemplateCache.getTemplate(TemplateCache.java:382)
	at freemarker.cache.TemplateCache.getTemplate(TemplateCache.java:235)
	at freemarker.template.Configuration.getTemplate(Configuration.java:487)
	at freemarker.template.Configuration.getTemplate(Configuration.java:452)
	at uk.co.itstherules.yawf.view.BaseView.asText(BaseView.java:72)
	... 21 more
Oct 18, 2009 2:06:58 AM org.apache.catalina.core.StandardContext listenerStart
SEVERE: Exception sending context initialized event to listener instance of class uk.co.itstherules.yawf.model.persistence.neodatis.NeoDatisListener
java.lang.RuntimeException: org.neodatis.odb.ODBRuntimeException: 
NeoDatis has thrown an Exception, please help us filling a bug report at https://sourceforge.net/tracker/?func=add&group_id=179124&atid=887885 with the following error message
Version=1.9.14 , Build=624, Date=25-09-2009-00-28-42, Thread=http-8080-4
NeoDatisError:273:Can not start ODB server on port 9998: The port is busy. Check if another server is not already running of this port
StackTrace:
	at uk.co.itstherules.yawf.model.persistence.neodatis.NeoDatisListener.contextInitialized(NeoDatisListener.java:49)
	at org.apache.catalina.core.StandardContext.listenerStart(StandardContext.java:3934)
	at org.apache.catalina.core.StandardContext.start(StandardContext.java:4429)
	at org.apache.catalina.core.ContainerBase.addChildInternal(ContainerBase.java:791)
	at org.apache.catalina.core.ContainerBase.addChild(ContainerBase.java:771)
	at org.apache.catalina.core.StandardHost.addChild(StandardHost.java:526)
	at org.apache.catalina.startup.HostConfig.deployWAR(HostConfig.java:850)
	at org.apache.catalina.startup.HostConfig.deployApps(HostConfig.java:518)
	at org.apache.catalina.startup.HostConfig.check(HostConfig.java:1288)
	at sun.reflect.NativeMethodAccessorImpl.invoke0(Native Method)
	at sun.reflect.NativeMethodAccessorImpl.invoke(NativeMethodAccessorImpl.java:39)
	at sun.reflect.DelegatingMethodAccessorImpl.invoke(DelegatingMethodAccessorImpl.java:25)
	at java.lang.reflect.Method.invoke(Method.java:597)
	at org.apache.tomcat.util.modeler.BaseModelMBean.invoke(BaseModelMBean.java:297)
	at com.sun.jmx.interceptor.DefaultMBeanServerInterceptor.invoke(DefaultMBeanServerInterceptor.java:836)
	at com.sun.jmx.mbeanserver.JmxMBeanServer.invoke(JmxMBeanServer.java:761)
	at org.apache.catalina.manager.ManagerServlet.check(ManagerServlet.java:1473)
	at org.apache.catalina.manager.HTMLManagerServlet.doPost(HTMLManagerServlet.java:250)
	at javax.servlet.http.HttpServlet.service(HttpServlet.java:637)
	at javax.servlet.http.HttpServlet.service(HttpServlet.java:717)
	at org.apache.catalina.core.ApplicationFilterChain.internalDoFilter(ApplicationFilterChain.java:290)
	at org.apache.catalina.core.ApplicationFilterChain.doFilter(ApplicationFilterChain.java:206)
	at org.apache.catalina.core.StandardWrapperValve.invoke(StandardWrapperValve.java:233)
	at org.apache.catalina.core.StandardContextValve.invoke(StandardContextValve.java:191)
	at org.apache.catalina.authenticator.AuthenticatorBase.invoke(AuthenticatorBase.java:525)
	at org.apache.catalina.core.StandardHostValve.invoke(StandardHostValve.java:128)
	at org.apache.catalina.valves.ErrorReportValve.invoke(ErrorReportValve.java:102)
	at org.apache.catalina.core.StandardEngineValve.invoke(StandardEngineValve.java:109)
	at org.apache.catalina.connector.CoyoteAdapter.service(CoyoteAdapter.java:293)
	at org.apache.coyote.http11.Http11Processor.process(Http11Processor.java:849)
	at org.apache.coyote.http11.Http11Protocol$Http11ConnectionHandler.process(Http11Protocol.java:583)
	at org.apache.tomcat.util.net.JIoEndpoint$Worker.run(JIoEndpoint.java:454)
	at java.lang.Thread.run(Thread.java:637)
Caused by: org.neodatis.odb.ODBRuntimeException: 
NeoDatis has thrown an Exception, please help us filling a bug report at https://sourceforge.net/tracker/?func=add&group_id=179124&atid=887885 with the following error message
Version=1.9.14 , Build=624, Date=25-09-2009-00-28-42, Thread=http-8080-4
NeoDatisError:273:Can not start ODB server on port 9998: The port is busy. Check if another server is not already running of this port
StackTrace:
	at org.neodatis.odb.impl.core.server.layers.layer3.engine.ODBServerImpl.initServer(ODBServerImpl.java:98)
	at org.neodatis.odb.impl.core.server.layers.layer3.engine.ODBServerImpl.<init>(ODBServerImpl.java:86)
	at org.neodatis.odb.impl.main.ODBDefaultServer.<init>(ODBDefaultServer.java:16)
	at org.neodatis.odb.ODBFactory.openServer(ODBFactory.java:91)
	at uk.co.itstherules.yawf.model.persistence.neodatis.NeoDatisListener.contextInitialized(NeoDatisListener.java:44)
	... 32 more
Caused by: java.net.BindException: Address already in use
	at java.net.PlainSocketImpl.socketBind(Native Method)
	at java.net.PlainSocketImpl.bind(PlainSocketImpl.java:365)
	at java.net.ServerSocket.bind(ServerSocket.java:319)
	at java.net.ServerSocket.<init>(ServerSocket.java:185)
	at java.net.ServerSocket.<init>(ServerSocket.java:97)
	at org.neodatis.odb.impl.core.server.layers.layer3.engine.ODBServerImpl.initServer(ODBServerImpl.java:94)
	... 36 more
Oct 18, 2009 2:08:02 AM org.apache.catalina.core.StandardWrapperValve invoke
SEVERE: Servlet.service() for servlet StoryBoard threw exception
java.lang.RuntimeException: java.lang.RuntimeException: Programatic error - unable to process templates
	at uk.co.itstherules.yawf.controller.MainWebController.control(MainWebController.java:26)
	at uk.co.itstherules.storyboard.editor.MainServlet.doGet(MainServlet.java:56)
	at javax.servlet.http.HttpServlet.service(HttpServlet.java:617)
	at javax.servlet.http.HttpServlet.service(HttpServlet.java:717)
	at org.apache.catalina.core.ApplicationFilterChain.internalDoFilter(ApplicationFilterChain.java:290)
	at org.apache.catalina.core.ApplicationFilterChain.doFilter(ApplicationFilterChain.java:206)
	at org.apache.catalina.core.StandardWrapperValve.invoke(StandardWrapperValve.java:233)
	at org.apache.catalina.core.StandardContextValve.invoke(StandardContextValve.java:191)
	at org.apache.catalina.authenticator.AuthenticatorBase.invoke(AuthenticatorBase.java:433)
	at org.apache.catalina.core.StandardHostValve.invoke(StandardHostValve.java:128)
	at org.apache.catalina.valves.ErrorReportValve.invoke(ErrorReportValve.java:102)
	at org.apache.catalina.core.StandardEngineValve.invoke(StandardEngineValve.java:109)
	at org.apache.catalina.connector.CoyoteAdapter.service(CoyoteAdapter.java:293)
	at org.apache.coyote.http11.Http11Processor.process(Http11Processor.java:849)
	at org.apache.coyote.http11.Http11Protocol$Http11ConnectionHandler.process(Http11Protocol.java:583)
	at org.apache.tomcat.util.net.JIoEndpoint$Worker.run(JIoEndpoint.java:454)
	at java.lang.Thread.run(Thread.java:637)
Caused by: java.lang.RuntimeException: Programatic error - unable to process templates
	at uk.co.itstherules.yawf.view.BaseView.asText(BaseView.java:77)
	at uk.co.itstherules.storyboard.editor.controller.active.Home.show(Home.java:22)
	at uk.co.itstherules.yawf.dispatcher.active.Show.dispatch(Show.java:15)
	at uk.co.itstherules.yawf.controller.Base.dispatch(Base.java:18)
	at uk.co.itstherules.yawf.controller.Cache.dispatch(Cache.java:46)
	at uk.co.itstherules.yawf.controller.MainWebController.control(MainWebController.java:18)
	... 16 more
Caused by: java.io.FileNotFoundException: JAR entry uk/co/itstherules/storyboard/editor/view/home/index.freemarker not found in /Users/benhoskins/Code/java/Packages/apache/apache-tomcat-6.0.20/webapps/StoryBoardWebsite/WEB-INF/lib/StoryBoardWebsite.jar
	at sun.net.www.protocol.jar.JarURLConnection.connect(JarURLConnection.java:122)
	at sun.net.www.protocol.jar.JarURLConnection.getInputStream(JarURLConnection.java:132)
	at freemarker.cache.URLTemplateSource.close(URLTemplateSource.java:140)
	at freemarker.cache.URLTemplateLoader.closeTemplateSource(URLTemplateLoader.java:107)
	at freemarker.cache.TemplateCache.getTemplate(TemplateCache.java:382)
	at freemarker.cache.TemplateCache.getTemplate(TemplateCache.java:235)
	at freemarker.template.Configuration.getTemplate(Configuration.java:487)
	at freemarker.template.Configuration.getTemplate(Configuration.java:452)
	at uk.co.itstherules.yawf.view.BaseView.asText(BaseView.java:72)
	... 21 more
Oct 18, 2009 2:22:05 AM org.apache.catalina.core.ApplicationContext log
INFO: SessionListener: contextDestroyed()
Oct 18, 2009 2:22:05 AM org.apache.catalina.core.ApplicationContext log
INFO: ContextListener: contextDestroyed()
