Oct 19, 2009 8:02:09 AM org.apache.catalina.core.ApplicationContext log
INFO: ContextListener: contextInitialized()
Oct 19, 2009 8:02:09 AM org.apache.catalina.core.ApplicationContext log
INFO: SessionListener: contextInitialized()
Oct 19, 2009 8:03:41 AM org.apache.catalina.core.ApplicationContext log
INFO: SessionListener: contextDestroyed()
Oct 19, 2009 8:03:41 AM org.apache.catalina.core.ApplicationContext log
INFO: ContextListener: contextDestroyed()
Oct 19, 2009 8:04:21 AM org.apache.catalina.core.ApplicationContext log
INFO: ContextListener: contextInitialized()
Oct 19, 2009 8:04:21 AM org.apache.catalina.core.ApplicationContext log
INFO: SessionListener: contextInitialized()
Oct 19, 2009 8:06:06 AM org.apache.catalina.core.ApplicationContext log
INFO: SessionListener: contextDestroyed()
Oct 19, 2009 8:06:06 AM org.apache.catalina.core.ApplicationContext log
INFO: ContextListener: contextDestroyed()
Oct 19, 2009 8:15:36 AM org.apache.catalina.core.ApplicationContext log
INFO: ContextListener: contextInitialized()
Oct 19, 2009 8:15:36 AM org.apache.catalina.core.ApplicationContext log
INFO: SessionListener: contextInitialized()
Oct 19, 2009 10:17:45 AM org.apache.catalina.core.StandardWrapperValve invoke
SEVERE: Servlet.service() for servlet StoryBoard threw exception
java.lang.RuntimeException: java.lang.RuntimeException: Unable to find action: -1
	at uk.co.itstherules.yawf.controller.MainWebController.control(MainWebController.java:26)
	at uk.co.itstherules.storyboard.editor.MainServlet.doGet(MainServlet.java:56)
	at javax.servlet.http.HttpServlet.service(HttpServlet.java:617)
	at javax.servlet.http.HttpServlet.service(HttpServlet.java:717)
	at org.apache.catalina.core.ApplicationFilterChain.internalDoFilter(ApplicationFilterChain.java:290)
	at org.apache.catalina.core.ApplicationFilterChain.doFilter(ApplicationFilterChain.java:206)
	at org.apache.catalina.core.StandardWrapperValve.invoke(StandardWrapperValve.java:233)
	at org.apache.catalina.core.StandardContextValve.invoke(StandardContextValve.java:191)
	at org.apache.catalina.authenticator.AuthenticatorBase.invoke(AuthenticatorBase.java:433)
	at org.apache.catalina.core.StandardHostValve.invoke(StandardHostValve.java:128)
	at org.apache.catalina.valves.ErrorReportValve.invoke(ErrorReportValve.java:102)
	at org.apache.catalina.core.StandardEngineValve.invoke(StandardEngineValve.java:109)
	at org.apache.catalina.connector.CoyoteAdapter.service(CoyoteAdapter.java:293)
	at org.apache.coyote.http11.Http11Processor.process(Http11Processor.java:849)
	at org.apache.coyote.http11.Http11Protocol$Http11ConnectionHandler.process(Http11Protocol.java:583)
	at org.apache.tomcat.util.net.JIoEndpoint$Worker.run(JIoEndpoint.java:454)
	at java.lang.Thread.run(Thread.java:637)
Caused by: java.lang.RuntimeException: Unable to find action: -1
	at uk.co.itstherules.yawf.inbound.BaseValuesProvider.getDispatcher(BaseValuesProvider.java:101)
	at uk.co.itstherules.yawf.inbound.RequestBasedValuesProvider.getDispatcher(RequestBasedValuesProvider.java:42)
	at uk.co.itstherules.yawf.controller.Base.dispatch(Base.java:17)
	at uk.co.itstherules.yawf.controller.Cache.dispatch(Cache.java:46)
	at uk.co.itstherules.yawf.controller.MainWebController.control(MainWebController.java:18)
	... 16 more
Oct 19, 2009 10:18:03 AM org.apache.catalina.core.StandardWrapperValve invoke
SEVERE: Servlet.service() for servlet StoryBoard threw exception
java.lang.RuntimeException: java.lang.RuntimeException: Programatic error - unable to process templates
	at uk.co.itstherules.yawf.controller.MainWebController.control(MainWebController.java:26)
	at uk.co.itstherules.storyboard.editor.MainServlet.doGet(MainServlet.java:56)
	at javax.servlet.http.HttpServlet.service(HttpServlet.java:617)
	at javax.servlet.http.HttpServlet.service(HttpServlet.java:717)
	at org.apache.catalina.core.ApplicationFilterChain.internalDoFilter(ApplicationFilterChain.java:290)
	at org.apache.catalina.core.ApplicationFilterChain.doFilter(ApplicationFilterChain.java:206)
	at org.apache.catalina.core.StandardWrapperValve.invoke(StandardWrapperValve.java:233)
	at org.apache.catalina.core.StandardContextValve.invoke(StandardContextValve.java:191)
	at org.apache.catalina.authenticator.AuthenticatorBase.invoke(AuthenticatorBase.java:433)
	at org.apache.catalina.core.StandardHostValve.invoke(StandardHostValve.java:128)
	at org.apache.catalina.valves.ErrorReportValve.invoke(ErrorReportValve.java:102)
	at org.apache.catalina.core.StandardEngineValve.invoke(StandardEngineValve.java:109)
	at org.apache.catalina.connector.CoyoteAdapter.service(CoyoteAdapter.java:293)
	at org.apache.coyote.http11.Http11Processor.process(Http11Processor.java:849)
	at org.apache.coyote.http11.Http11Protocol$Http11ConnectionHandler.process(Http11Protocol.java:583)
	at org.apache.tomcat.util.net.JIoEndpoint$Worker.run(JIoEndpoint.java:454)
	at java.lang.Thread.run(Thread.java:637)
Caused by: java.lang.RuntimeException: Programatic error - unable to process templates
	at uk.co.itstherules.yawf.view.BaseView.asText(BaseView.java:77)
	at uk.co.itstherules.storyboard.editor.controller.active.SyncServers.changeView(SyncServers.java:41)
	at uk.co.itstherules.storyboard.editor.controller.StoryBoardBase.list(StoryBoardBase.java:63)
	at uk.co.itstherules.yawf.dispatcher.active.List.dispatch(List.java:14)
	at uk.co.itstherules.yawf.controller.Base.dispatch(Base.java:18)
	at uk.co.itstherules.yawf.controller.Cache.dispatch(Cache.java:46)
	at uk.co.itstherules.yawf.controller.MainWebController.control(MainWebController.java:18)
	... 16 more
Caused by: java.io.FileNotFoundException: JAR entry uk/co/itstherules/storyboard/editor/view/syncservers/list.freemarker not found in /Users/benhoskins/Code/java/Packages/apache/apache-tomcat-6.0.20/webapps/StoryBoardWebsite/WEB-INF/lib/StoryBoardWebsite.jar
	at sun.net.www.protocol.jar.JarURLConnection.connect(JarURLConnection.java:122)
	at sun.net.www.protocol.jar.JarURLConnection.getInputStream(JarURLConnection.java:132)
	at freemarker.cache.URLTemplateSource.close(URLTemplateSource.java:140)
	at freemarker.cache.URLTemplateLoader.closeTemplateSource(URLTemplateLoader.java:107)
	at freemarker.cache.TemplateCache.getTemplate(TemplateCache.java:382)
	at freemarker.cache.TemplateCache.getTemplate(TemplateCache.java:235)
	at freemarker.template.Configuration.getTemplate(Configuration.java:487)
	at freemarker.template.Configuration.getTemplate(Configuration.java:452)
	at uk.co.itstherules.yawf.view.BaseView.asText(BaseView.java:72)
	... 22 more
Oct 19, 2009 1:01:36 PM org.apache.catalina.core.ApplicationContext log
INFO: SessionListener: contextDestroyed()
Oct 19, 2009 1:01:36 PM org.apache.catalina.core.ApplicationContext log
INFO: ContextListener: contextDestroyed()
