Hibernate Commons Annotations 3.2.0.Final
Hibernate 3.6.1.Final
hibernate.properties not found
Bytecode provider name : javassist
using JDK 1.4 java.sql.Timestamp handling
Hibernate EntityManager 3.6.1.Final
Binding entity from annotated class: uk.co.itstherules.cardplanner.model.ConfigurationModel
Bind entity uk.co.itstherules.cardplanner.model.ConfigurationModel on table ConfigurationModel
Binding entity from annotated class: uk.co.itstherules.cardplanner.model.StoryBoardBrushModel
Bind entity uk.co.itstherules.cardplanner.model.StoryBoardBrushModel on table StoryBoardBrushModel
Binding entity from annotated class: uk.co.itstherules.cardplanner.model.StoryBoardLineEndModel
Bind entity uk.co.itstherules.cardplanner.model.StoryBoardLineEndModel on table StoryBoardLineEndModel
Binding entity from annotated class: uk.co.itstherules.cardplanner.model.StoryBoardLineModel
Bind entity uk.co.itstherules.cardplanner.model.StoryBoardLineModel on table StoryBoardLineModel
Binding entity from annotated class: uk.co.itstherules.cardplanner.model.StoryBoardTextAreaModel
Bind entity uk.co.itstherules.cardplanner.model.StoryBoardTextAreaModel on table StoryBoardTextAreaModel
Binding entity from annotated class: uk.co.itstherules.cardplanner.model.StoryBoardHotspotAreaModel
Bind entity uk.co.itstherules.cardplanner.model.StoryBoardHotspotAreaModel on table StoryBoardHotspotAreaModel
Binding entity from annotated class: uk.co.itstherules.cardplanner.model.type.EffortTypeModel
Bind entity uk.co.itstherules.cardplanner.model.type.EffortTypeModel on table EffortTypeModel
Binding entity from annotated class: uk.co.itstherules.cardplanner.model.type.ValueTypeModel
Bind entity uk.co.itstherules.cardplanner.model.type.ValueTypeModel on table ValueTypeModel
Binding entity from annotated class: uk.co.itstherules.yawf.model.CountryModel
Bind entity uk.co.itstherules.yawf.model.CountryModel on table CountryModel
Binding entity from annotated class: uk.co.itstherules.cardplanner.model.DateRangeModel
Bind entity uk.co.itstherules.cardplanner.model.DateRangeModel on table DateRangeModel
Binding entity from annotated class: uk.co.itstherules.cardplanner.model.EffortModel
Bind entity uk.co.itstherules.cardplanner.model.EffortModel on table EffortModel
Binding entity from annotated class: uk.co.itstherules.cardplanner.model.EmailDetailsModel
Bind entity uk.co.itstherules.cardplanner.model.EmailDetailsModel on table EmailDetailsModel
Binding entity from annotated class: uk.co.itstherules.yawf.model.FileModel
Bind entity uk.co.itstherules.yawf.model.FileModel on table FileModel
Binding entity from annotated class: uk.co.itstherules.cardplanner.model.CardFactModel
Bind entity uk.co.itstherules.cardplanner.model.CardFactModel on table CardFactModel
Binding entity from annotated class: uk.co.itstherules.cardplanner.model.StoryBoardModel
Bind entity uk.co.itstherules.cardplanner.model.StoryBoardModel on table StoryBoardModel
Binding entity from annotated class: uk.co.itstherules.cardplanner.model.CardModel
Bind entity uk.co.itstherules.cardplanner.model.CardModel on table CardModel
Binding entity from annotated class: uk.co.itstherules.cardplanner.model.CardTypeModel
Bind entity uk.co.itstherules.cardplanner.model.CardTypeModel on table CardTypeModel
Binding entity from annotated class: uk.co.itstherules.cardplanner.model.LogModel
Bind entity uk.co.itstherules.cardplanner.model.LogModel on table LogModel
Binding entity from annotated class: uk.co.itstherules.cardplanner.model.OrganisationModel
Bind entity uk.co.itstherules.cardplanner.model.OrganisationModel on table OrganisationModel
Binding entity from annotated class: uk.co.itstherules.cardplanner.model.PersonModel
Bind entity uk.co.itstherules.cardplanner.model.PersonModel on table PersonModel
Binding entity from annotated class: uk.co.itstherules.cardplanner.model.PostItModel
Bind entity uk.co.itstherules.cardplanner.model.PostItModel on table PostItModel
Binding entity from annotated class: uk.co.itstherules.yawf.model.SimpleAttachmentModel
Bind entity uk.co.itstherules.yawf.model.SimpleAttachmentModel on table SimpleAttachmentModel
Binding entity from annotated class: uk.co.itstherules.cardplanner.model.StatusModel
Bind entity uk.co.itstherules.cardplanner.model.StatusModel on table StatusModel
Binding entity from annotated class: uk.co.itstherules.cardplanner.model.SyncServerModel
Bind entity uk.co.itstherules.cardplanner.model.SyncServerModel on table SyncServerModel
Binding entity from annotated class: uk.co.itstherules.cardplanner.model.TagModel
Bind entity uk.co.itstherules.cardplanner.model.TagModel on table TagModel
Binding entity from annotated class: uk.co.itstherules.cardplanner.model.ValueModel
Bind entity uk.co.itstherules.cardplanner.model.ValueModel on table ValueModel
Binding entity from annotated class: uk.co.itstherules.yawf.model.ProcessStepModel
Bind entity uk.co.itstherules.yawf.model.ProcessStepModel on table ProcessStepModel
Binding entity from annotated class: uk.co.itstherules.yawf.model.PageModel
Bind entity uk.co.itstherules.yawf.model.PageModel on table PageModel
Binding entity from annotated class: uk.co.itstherules.yawf.model.ProcessStepReferenceModel
Bind entity uk.co.itstherules.yawf.model.ProcessStepReferenceModel on table ProcessStepReferenceModel
Binding entity from annotated class: uk.co.itstherules.yawf.model.RouteModel
Bind entity uk.co.itstherules.yawf.model.RouteModel on table RouteModel
Binding entity from annotated class: uk.co.itstherules.yawf.model.TemplateModel
Bind entity uk.co.itstherules.yawf.model.TemplateModel on table TemplateModel
Binding entity from annotated class: uk.co.itstherules.yawf.security.objectcache.UserModel
Bind entity uk.co.itstherules.yawf.security.objectcache.UserModel on table UserModel
Binding entity from annotated class: uk.co.itstherules.yawf.security.objectcache.GroupModel
Bind entity uk.co.itstherules.yawf.security.objectcache.GroupModel on table GroupModel
Binding entity from annotated class: uk.co.itstherules.yawf.security.objectcache.PermissionModel
Bind entity uk.co.itstherules.yawf.security.objectcache.PermissionModel on table PermissionModel
Binding entity from annotated class: uk.co.itstherules.yawf.view.DatabaseStoredModelView
Bind entity uk.co.itstherules.yawf.view.DatabaseStoredModelView on table DatabaseStoredModelView
Mapping collection: uk.co.itstherules.cardplanner.model.CardModel.children -> CardModel
Hibernate Validator not found: ignoring
Unable to find org.hibernate.search.event.FullTextIndexEventListener on the classpath. Hibernate Search is not enabled.
Initializing connection provider: org.hibernate.connection.C3P0ConnectionProvider
C3P0 using driver: org.h2.Driver at URL: jdbc:h2:~/H2DataStore/cardplanner;FILE_LOCK=NO
Connection properties: {user=cardplanner, password=****, autocommit=true, release_mode=auto}
autocommit mode: true
MLog clients using log4j logging.
Initializing c3p0-0.9.1 [built 16-January-2007 14:46:42; debug? true; trace: 10]
Initializing c3p0 pool... com.mchange.v2.c3p0.PoolBackedDataSource@67ed4c69 [ connectionPoolDataSource -> com.mchange.v2.c3p0.WrapperConnectionPoolDataSource@c6b359ef [ acquireIncrement -> 4, acquireRetryAttempts -> 30, acquireRetryDelay -> 1000, autoCommitOnClose -> false, automaticTestTable -> null, breakAfterAcquireFailure -> false, checkoutTimeout -> 0, connectionCustomizerClassName -> null, connectionTesterClassName -> com.mchange.v2.c3p0.impl.DefaultConnectionTester, debugUnreturnedConnectionStackTraces -> false, factoryClassLocation -> null, forceIgnoreUnresolvedTransactions -> false, identityToken -> z8kfsx8o1pvu6qdmvt7z4|207148e9, idleConnectionTestPeriod -> 500, initialPoolSize -> 5, maxAdministrativeTaskTime -> 0, maxConnectionAge -> 0, maxIdleTime -> 1000, maxIdleTimeExcessConnections -> 0, maxPoolSize -> 100, maxStatements -> 15, maxStatementsPerConnection -> 0, minPoolSize -> 5, nestedDataSource -> com.mchange.v2.c3p0.DriverManagerDataSource@a093ff69 [ description -> null, driverClass -> null, factoryClassLocation -> null, identityToken -> z8kfsx8o1pvu6qdmvt7z4|2a9a42ef, jdbcUrl -> jdbc:h2:~/H2DataStore/cardplanner;FILE_LOCK=NO, properties -> {user=******, password=******, autocommit=true, release_mode=auto} ], preferredTestQuery -> null, propertyCycle -> 0, testConnectionOnCheckin -> false, testConnectionOnCheckout -> false, unreturnedConnectionTimeout -> 0, usesTraditionalReflectiveProxies -> false; userOverrides: {} ], dataSourceName -> null, factoryClassLocation -> null, identityToken -> z8kfsx8o1pvu6qdmvt7z4|67d479cf, numHelperThreads -> 3 ]
Database ->
       name : H2
    version : 1.3.165 (2012-03-18)
      major : 1
      minor : 3
Driver ->
       name : H2 JDBC Driver
    version : 1.3.165 (2012-03-18)
      major : 1
      minor : 3
Using dialect: org.hibernate.dialect.H2Dialect
Disabling contextual LOB creation as JDBC driver reported JDBC version [3] less than 4
Transaction strategy: org.hibernate.transaction.JDBCTransactionFactory
No TransactionManagerLookup configured (in JTA environment, use of read-write or transactional second-level cache is not recommended)
Automatic flush during beforeCompletion(): disabled
Automatic session close at end of transaction: disabled
JDBC batch size: 15
JDBC batch updates for versioned data: disabled
Scrollable result sets: enabled
JDBC3 getGeneratedKeys(): enabled
Connection release mode: auto
Default batch fetch size: 1
Generate SQL with comments: disabled
Order SQL updates by primary key: disabled
Order SQL inserts for batching: disabled
Query translator: org.hibernate.hql.ast.ASTQueryTranslatorFactory
Using ASTQueryTranslatorFactory
Query language substitutions: {}
JPA-QL strict compliance: enabled
Second-level cache: enabled
Query cache: disabled
Cache region factory : org.hibernate.cache.impl.NoCachingRegionFactory
Optimize cache for minimal puts: disabled
Structured second-level cache entries: disabled
Echoing all SQL to stdout
Statistics: disabled
Deleted entity synthetic identifier rollback: disabled
Default entity-mode: pojo
Named query checking : enabled
Check Nullability in Core (should be disabled when Bean Validation is on): enabled
building session factory
Type registration [characters_clob] overrides previous : org.hibernate.type.PrimitiveCharacterArrayClobType@7f26d3df
Type registration [materialized_blob] overrides previous : org.hibernate.type.MaterializedBlobType@45c3987
Type registration [clob] overrides previous : org.hibernate.type.ClobType@66bcb23e
Type registration [java.sql.Clob] overrides previous : org.hibernate.type.ClobType@66bcb23e
Type registration [blob] overrides previous : org.hibernate.type.BlobType@281ec58a
Type registration [java.sql.Blob] overrides previous : org.hibernate.type.BlobType@281ec58a
Type registration [materialized_clob] overrides previous : org.hibernate.type.MaterializedClobType@655d616e
Type registration [wrapper_materialized_blob] overrides previous : org.hibernate.type.WrappedMaterializedBlobType@747917a
Type registration [wrapper_characters_clob] overrides previous : org.hibernate.type.CharacterArrayClobType@7444f787
Not binding factory to JNDI, no JNDI name configured
Running hbm2ddl schema update
fetching database metadata
updating schema
table not found: CardFactModel
table not found: CardModel
table not found: CardModel_CardFactModel
table not found: CardModel_PersonModel
table not found: CardModel_SimpleAttachmentModel
table not found: CardModel_TagModel
table not found: CardTypeModel
table not found: ConfigurationModel
table not found: CountryModel
table not found: DatabaseStoredModelView
table not found: DateRangeModel
table not found: EffortModel
table not found: EffortTypeModel
table not found: EmailDetailsModel
table not found: FileModel
table not found: GroupModel
table not found: GroupModel_PermissionModel
table not found: LogModel
table not found: OrganisationModel
table not found: OrganisationModel_organisationTypes
table not found: PageModel
table not found: PermissionModel
table not found: PersonModel
table not found: PersonModel_OrganisationModel
table not found: PostItModel
table not found: ProcessStepModel
table not found: ProcessStepModel_ProcessStepReferenceModel
table not found: ProcessStepReferenceModel
table not found: ProcessStepReferenceModel_ProcessStepReferenceModel
table not found: RouteModel
table not found: SimpleAttachmentModel
table not found: StatusModel
table not found: StoryBoardBrushModel
table not found: StoryBoardHotspotAreaModel
table not found: StoryBoardLineEndModel
table not found: StoryBoardLineModel
table not found: StoryBoardLineModel_StoryBoardLineEndModel
table not found: StoryBoardModel
table not found: StoryBoardModel_PostItModel
table not found: StoryBoardModel_StoryBoardHotspotAreaModel
table not found: StoryBoardModel_StoryBoardLineModel
table not found: StoryBoardModel_StoryBoardTextAreaModel
table not found: StoryBoardTextAreaModel
table not found: SyncServerModel
table not found: TagModel
table not found: TemplateModel
table not found: UserModel
table not found: UserModel_GroupModel
table not found: ValueModel
table not found: ValueTypeModel
table not found: CardFactModel
table not found: CardModel
table not found: CardModel_CardFactModel
table not found: CardModel_PersonModel
table not found: CardModel_SimpleAttachmentModel
table not found: CardModel_TagModel
table not found: CardTypeModel
table not found: ConfigurationModel
table not found: CountryModel
table not found: DatabaseStoredModelView
table not found: DateRangeModel
table not found: EffortModel
table not found: EffortTypeModel
table not found: EmailDetailsModel
table not found: FileModel
table not found: GroupModel
table not found: GroupModel_PermissionModel
table not found: LogModel
table not found: OrganisationModel
table not found: OrganisationModel_organisationTypes
table not found: PageModel
table not found: PermissionModel
table not found: PersonModel
table not found: PersonModel_OrganisationModel
table not found: PostItModel
table not found: ProcessStepModel
table not found: ProcessStepModel_ProcessStepReferenceModel
table not found: ProcessStepReferenceModel
table not found: ProcessStepReferenceModel_ProcessStepReferenceModel
table not found: RouteModel
table not found: SimpleAttachmentModel
table not found: StatusModel
table not found: StoryBoardBrushModel
table not found: StoryBoardHotspotAreaModel
table not found: StoryBoardLineEndModel
table not found: StoryBoardLineModel
table not found: StoryBoardLineModel_StoryBoardLineEndModel
table not found: StoryBoardModel
table not found: StoryBoardModel_PostItModel
table not found: StoryBoardModel_StoryBoardHotspotAreaModel
table not found: StoryBoardModel_StoryBoardLineModel
table not found: StoryBoardModel_StoryBoardTextAreaModel
table not found: StoryBoardTextAreaModel
table not found: SyncServerModel
table not found: TagModel
table not found: TemplateModel
table not found: UserModel
table not found: UserModel_GroupModel
table not found: ValueModel
table not found: ValueTypeModel
schema update complete
