2009/11/17 12:46:59 INFO  - jmeter.util.JMeterUtils: Setting Locale to en_US 
2009/11/17 12:47:00 INFO  - jmeter.JMeter: Loading user properties from: /Users/benhoskins/Code/java/Packages/apache/jakarta-jmeter-2.3.4/bin/user.properties 
2009/11/17 12:47:00 INFO  - jmeter.JMeter: Loading system properties from: /Users/benhoskins/Code/java/Packages/apache/jakarta-jmeter-2.3.4/bin/system.properties 
2009/11/17 12:47:00 INFO  - jmeter.JMeter: Copyright (c) 1998-2009 The Apache Software Foundation 
2009/11/17 12:47:00 INFO  - jmeter.JMeter: Version 2.3.4 r785646 
2009/11/17 12:47:00 INFO  - jmeter.JMeter: java.version=1.6.0_15 
2009/11/17 12:47:00 INFO  - jmeter.JMeter: java.vm.name=Java HotSpot(TM) 64-Bit Server VM 
2009/11/17 12:47:00 INFO  - jmeter.JMeter: os.name=Mac OS X 
2009/11/17 12:47:00 INFO  - jmeter.JMeter: os.arch=x86_64 
2009/11/17 12:47:00 INFO  - jmeter.JMeter: os.version=10.6.2 
2009/11/17 12:47:00 INFO  - jmeter.JMeter: file.encoding=MacRoman 
2009/11/17 12:47:00 INFO  - jmeter.JMeter: Default Locale=English (United States) 
2009/11/17 12:47:00 INFO  - jmeter.JMeter: JMeter  Locale=English (United States) 
2009/11/17 12:47:00 INFO  - jmeter.JMeter: JMeterHome=/Users/benhoskins/Code/java/Packages/apache/jakarta-jmeter-2.3.4 
2009/11/17 12:47:00 INFO  - jmeter.JMeter: user.dir  =/Users/benhoskins/Code/java/Packages/apache/jakarta-jmeter-2.3.4/bin 
2009/11/17 12:47:00 INFO  - jmeter.JMeter: PWD       =/Users/benhoskins/Code/java/Packages/apache/jakarta-jmeter-2.3.4/bin 
2009/11/17 12:47:00 INFO  - jmeter.JMeter: IP: 192.168.1.3 Name: Macintosh.local FullName: 192.168.1.3 
2009/11/17 12:47:00 INFO  - jmeter.JMeter: Loaded icon properties from org/apache/jmeter/images/icon.properties 
2009/11/17 12:47:07 INFO  - jmeter.engine.util.CompoundVariable: Note: Function class names must contain the string: '.functions.' 
2009/11/17 12:47:07 INFO  - jmeter.engine.util.CompoundVariable: Note: Function class names must not contain the string: '.gui.' 
2009/11/17 12:47:08 INFO  - jmeter.util.BSFTestElement: Registering JMeter version of JavaScript engine as work-round for BSF-22 
2009/11/17 12:47:11 INFO  - jmeter.protocol.http.sampler.HTTPSamplerBase: Cannot find .className property for htmlParser, using default 
2009/11/17 12:47:11 INFO  - jmeter.protocol.http.sampler.HTTPSamplerBase: Parser for text/html is  
2009/11/17 12:47:11 INFO  - jmeter.protocol.http.sampler.HTTPSamplerBase: Parser for application/xhtml+xml is  
2009/11/17 12:47:11 INFO  - jmeter.protocol.http.sampler.HTTPSamplerBase: Parser for application/xml is  
2009/11/17 12:47:11 INFO  - jmeter.protocol.http.sampler.HTTPSamplerBase: Parser for text/xml is  
2009/11/17 12:47:11 INFO  - jmeter.protocol.http.sampler.HTTPSamplerBase: Parser for text/vnd.wap.wml is org.apache.jmeter.protocol.http.parser.RegexpHTMLParser 
2009/11/17 12:47:14 INFO  - jmeter.gui.util.MenuFactory: Skipping org.apache.jmeter.protocol.http.modifier.gui.ParamModifierGui 
2009/11/17 12:47:14 INFO  - jmeter.gui.util.MenuFactory: Skipping org.apache.jmeter.protocol.http.modifier.gui.UserParameterModifierGui 
2009/11/17 12:47:14 INFO  - jmeter.protocol.http.sampler.HTTPSampler: Maximum connection retries = 10 
2009/11/17 12:47:14 INFO  - jmeter.protocol.http.sampler.HTTPSampler: Connection and read timeouts are available on this JVM 
2009/11/17 12:47:17 WARN  - jmeter.gui.util.MenuFactory: Missing jar? Could not create org.apache.jmeter.visualizers.MailerVisualizer. java.lang.NoClassDefFoundError: javax/mail/MessagingException 
2009/11/17 12:47:17 INFO  - jmeter.samplers.SampleResult: Note: Sample TimeStamps are START times 
2009/11/17 12:47:17 INFO  - jmeter.samplers.SampleResult: sampleresult.default.encoding is set to ISO-8859-1 
2009/11/17 12:52:03 INFO  - jmeter.services.FileServer: Default base=/Users/benhoskins/Code/java/Packages/apache/jakarta-jmeter-2.3.4/bin 
2009/11/17 12:52:03 INFO  - jmeter.services.FileServer: Set new base=/Users/benhoskins/Code/java/play/jmeter 
2009/11/17 12:52:04 INFO  - jmeter.save.SaveService: Testplan (JMX) version: 2.2. Testlog (JTL) version: 2.2 
2009/11/17 12:52:04 INFO  - jmeter.save.SaveService: Using SaveService properties file encoding UTF-8 
2009/11/17 12:52:04 INFO  - jmeter.save.SaveService: Using SaveService properties file version 697317 
2009/11/17 12:52:04 INFO  - jmeter.save.SaveService: Using SaveService properties version 2.1 
2009/11/17 12:52:04 INFO  - jmeter.save.SaveService: All converter versions present and correct 
2009/11/17 12:52:04 INFO  - jmeter.engine.StandardJMeterEngine: Listeners will be started after enabling running version 
2009/11/17 12:52:04 INFO  - jmeter.engine.StandardJMeterEngine: To revert to the earlier behaviour, define jmeterengine.startlistenerslater=false 
2009/11/17 12:52:04 INFO  - jmeter.engine.StandardJMeterEngine: Running the test! 
2009/11/17 12:52:04 INFO  - jmeter.gui.util.JMeterMenuBar: setRunning(true,*local*) 
2009/11/17 12:52:04 INFO  - jmeter.engine.StandardJMeterEngine: Starting 1 threads for group Thread Group. Ramp up = 1. 
2009/11/17 12:52:04 INFO  - jmeter.engine.StandardJMeterEngine: Thread will continue on error 
2009/11/17 12:52:04 INFO  - jmeter.threads.JMeterThread: jmeterthread.startearlier=true (see jmeter.properties) 
2009/11/17 12:52:04 INFO  - jmeter.threads.JMeterThread: Running PostProcessors in forward order 
2009/11/17 12:52:04 INFO  - jmeter.engine.StandardJMeterEngine: All threads have been started 
2009/11/17 12:52:04 INFO  - jmeter.threads.JMeterThread: Thread started: Thread Group 1-1 
2009/11/17 12:52:04 ERROR - jmeter.threads.JMeterThread: Error while processing sampler 'HTTP Request' : java.lang.IllegalArgumentException: URI can't be null.
	at sun.net.spi.DefaultProxySelector.select(DefaultProxySelector.java:116)
	at sun.net.www.protocol.http.HttpURLConnection.plainConnect(HttpURLConnection.java:796)
	at sun.net.www.protocol.http.HttpURLConnection.connect(HttpURLConnection.java:726)
	at sun.net.www.protocol.http.HttpURLConnection.getInputStream(HttpURLConnection.java:1049)
	at sun.net.www.protocol.http.HttpURLConnection.getHeaderField(HttpURLConnection.java:2173)
	at org.apache.jmeter.protocol.http.sampler.HTTPSampler.disconnect(HTTPSampler.java:610)
	at org.apache.jmeter.protocol.http.sampler.HTTPSampler.sample(HTTPSampler.java:603)
	at org.apache.jmeter.protocol.http.sampler.HTTPSamplerBase.sample(HTTPSamplerBase.java:1037)
	at org.apache.jmeter.protocol.http.sampler.HTTPSamplerBase.sample(HTTPSamplerBase.java:1023)
	at org.apache.jmeter.threads.JMeterThread.process_sampler(JMeterThread.java:346)
	at org.apache.jmeter.threads.JMeterThread.run(JMeterThread.java:243)
	at java.lang.Thread.run(Thread.java:637)

2009/11/17 12:52:04 INFO  - jmeter.threads.JMeterThread: Thread finished: Thread Group 1-1 
2009/11/17 12:52:04 INFO  - jmeter.engine.StandardJMeterEngine: Ending thread Thread Group 1-1 
2009/11/17 12:52:04 INFO  - jmeter.engine.StandardJMeterEngine: Stopping test 
2009/11/17 12:52:04 INFO  - jmeter.engine.StandardJMeterEngine: Notifying test listeners of end of test 
2009/11/17 12:52:04 INFO  - jmeter.gui.util.JMeterMenuBar: setRunning(false,*local*) 
2009/11/17 12:52:04 INFO  - jmeter.engine.StandardJMeterEngine: Test has ended 
2009/11/17 12:52:13 INFO  - jmeter.engine.StandardJMeterEngine: Running the test! 
2009/11/17 12:52:13 INFO  - jmeter.gui.util.JMeterMenuBar: setRunning(true,*local*) 
2009/11/17 12:52:13 INFO  - jmeter.engine.StandardJMeterEngine: Starting 1 threads for group Thread Group. Ramp up = 1. 
2009/11/17 12:52:13 INFO  - jmeter.engine.StandardJMeterEngine: Thread will continue on error 
2009/11/17 12:52:13 INFO  - jmeter.engine.StandardJMeterEngine: All threads have been started 
2009/11/17 12:52:13 INFO  - jmeter.threads.JMeterThread: Thread started: Thread Group 1-1 
2009/11/17 12:52:13 ERROR - jmeter.threads.JMeterThread: Error while processing sampler 'HTTP Request' : java.lang.IllegalArgumentException: URI can't be null.
	at sun.net.spi.DefaultProxySelector.select(DefaultProxySelector.java:116)
	at sun.net.www.protocol.http.HttpURLConnection.plainConnect(HttpURLConnection.java:796)
	at sun.net.www.protocol.http.HttpURLConnection.connect(HttpURLConnection.java:726)
	at sun.net.www.protocol.http.HttpURLConnection.getInputStream(HttpURLConnection.java:1049)
	at sun.net.www.protocol.http.HttpURLConnection.getHeaderField(HttpURLConnection.java:2173)
	at org.apache.jmeter.protocol.http.sampler.HTTPSampler.disconnect(HTTPSampler.java:610)
	at org.apache.jmeter.protocol.http.sampler.HTTPSampler.sample(HTTPSampler.java:603)
	at org.apache.jmeter.protocol.http.sampler.HTTPSamplerBase.sample(HTTPSamplerBase.java:1037)
	at org.apache.jmeter.protocol.http.sampler.HTTPSamplerBase.sample(HTTPSamplerBase.java:1023)
	at org.apache.jmeter.threads.JMeterThread.process_sampler(JMeterThread.java:346)
	at org.apache.jmeter.threads.JMeterThread.run(JMeterThread.java:243)
	at java.lang.Thread.run(Thread.java:637)

2009/11/17 12:52:13 INFO  - jmeter.threads.JMeterThread: Thread finished: Thread Group 1-1 
2009/11/17 12:52:13 INFO  - jmeter.engine.StandardJMeterEngine: Ending thread Thread Group 1-1 
2009/11/17 12:52:13 INFO  - jmeter.engine.StandardJMeterEngine: Stopping test 
2009/11/17 12:52:13 INFO  - jmeter.engine.StandardJMeterEngine: Notifying test listeners of end of test 
2009/11/17 12:52:13 INFO  - jmeter.gui.util.JMeterMenuBar: setRunning(false,*local*) 
2009/11/17 12:52:13 INFO  - jmeter.engine.StandardJMeterEngine: Test has ended 
2009/11/17 12:52:41 INFO  - jmeter.engine.StandardJMeterEngine: Running the test! 
2009/11/17 12:52:41 INFO  - jmeter.gui.util.JMeterMenuBar: setRunning(true,*local*) 
2009/11/17 12:52:41 INFO  - jmeter.engine.StandardJMeterEngine: Starting 1 threads for group Thread Group. Ramp up = 1. 
2009/11/17 12:52:41 INFO  - jmeter.engine.StandardJMeterEngine: Thread will continue on error 
2009/11/17 12:52:41 INFO  - jmeter.engine.StandardJMeterEngine: All threads have been started 
2009/11/17 12:52:41 INFO  - jmeter.threads.JMeterThread: Thread started: Thread Group 1-1 
2009/11/17 12:52:41 ERROR - jmeter.threads.JMeterThread: Error while processing sampler 'HTTP Request' : java.lang.IllegalArgumentException: URI can't be null.
	at sun.net.spi.DefaultProxySelector.select(DefaultProxySelector.java:116)
	at sun.net.www.protocol.http.HttpURLConnection.plainConnect(HttpURLConnection.java:796)
	at sun.net.www.protocol.http.HttpURLConnection.connect(HttpURLConnection.java:726)
	at sun.net.www.protocol.http.HttpURLConnection.getInputStream(HttpURLConnection.java:1049)
	at sun.net.www.protocol.http.HttpURLConnection.getHeaderField(HttpURLConnection.java:2173)
	at org.apache.jmeter.protocol.http.sampler.HTTPSampler.disconnect(HTTPSampler.java:610)
	at org.apache.jmeter.protocol.http.sampler.HTTPSampler.sample(HTTPSampler.java:603)
	at org.apache.jmeter.protocol.http.sampler.HTTPSamplerBase.sample(HTTPSamplerBase.java:1037)
	at org.apache.jmeter.protocol.http.sampler.HTTPSamplerBase.sample(HTTPSamplerBase.java:1023)
	at org.apache.jmeter.threads.JMeterThread.process_sampler(JMeterThread.java:346)
	at org.apache.jmeter.threads.JMeterThread.run(JMeterThread.java:243)
	at java.lang.Thread.run(Thread.java:637)

2009/11/17 12:52:41 INFO  - jmeter.threads.JMeterThread: Thread finished: Thread Group 1-1 
2009/11/17 12:52:41 INFO  - jmeter.engine.StandardJMeterEngine: Ending thread Thread Group 1-1 
2009/11/17 12:52:41 INFO  - jmeter.engine.StandardJMeterEngine: Stopping test 
2009/11/17 12:52:41 INFO  - jmeter.engine.StandardJMeterEngine: Notifying test listeners of end of test 
2009/11/17 12:52:41 INFO  - jmeter.gui.util.JMeterMenuBar: setRunning(false,*local*) 
2009/11/17 12:52:41 INFO  - jmeter.engine.StandardJMeterEngine: Test has ended 
2009/11/17 12:52:52 INFO  - jmeter.engine.StandardJMeterEngine: Running the test! 
2009/11/17 12:52:52 INFO  - jmeter.gui.util.JMeterMenuBar: setRunning(true,*local*) 
2009/11/17 12:52:52 INFO  - jmeter.engine.StandardJMeterEngine: Starting 1 threads for group Thread Group. Ramp up = 1. 
2009/11/17 12:52:52 INFO  - jmeter.engine.StandardJMeterEngine: Thread will continue on error 
2009/11/17 12:52:52 INFO  - jmeter.engine.StandardJMeterEngine: All threads have been started 
2009/11/17 12:52:52 INFO  - jmeter.threads.JMeterThread: Thread started: Thread Group 1-1 
2009/11/17 12:52:52 ERROR - jmeter.threads.JMeterThread: Error while processing sampler 'HTTP Request' : java.lang.IllegalArgumentException: URI can't be null.
	at sun.net.spi.DefaultProxySelector.select(DefaultProxySelector.java:116)
	at sun.net.www.protocol.http.HttpURLConnection.plainConnect(HttpURLConnection.java:796)
	at sun.net.www.protocol.http.HttpURLConnection.connect(HttpURLConnection.java:726)
	at sun.net.www.protocol.http.HttpURLConnection.getInputStream(HttpURLConnection.java:1049)
	at sun.net.www.protocol.http.HttpURLConnection.getHeaderField(HttpURLConnection.java:2173)
	at org.apache.jmeter.protocol.http.sampler.HTTPSampler.disconnect(HTTPSampler.java:610)
	at org.apache.jmeter.protocol.http.sampler.HTTPSampler.sample(HTTPSampler.java:603)
	at org.apache.jmeter.protocol.http.sampler.HTTPSamplerBase.sample(HTTPSamplerBase.java:1037)
	at org.apache.jmeter.protocol.http.sampler.HTTPSamplerBase.sample(HTTPSamplerBase.java:1023)
	at org.apache.jmeter.threads.JMeterThread.process_sampler(JMeterThread.java:346)
	at org.apache.jmeter.threads.JMeterThread.run(JMeterThread.java:243)
	at java.lang.Thread.run(Thread.java:637)

2009/11/17 12:52:52 INFO  - jmeter.threads.JMeterThread: Thread finished: Thread Group 1-1 
2009/11/17 12:52:52 INFO  - jmeter.engine.StandardJMeterEngine: Ending thread Thread Group 1-1 
2009/11/17 12:52:52 INFO  - jmeter.engine.StandardJMeterEngine: Stopping test 
2009/11/17 12:52:52 INFO  - jmeter.engine.StandardJMeterEngine: Notifying test listeners of end of test 
2009/11/17 12:52:52 INFO  - jmeter.gui.util.JMeterMenuBar: setRunning(false,*local*) 
2009/11/17 12:52:52 INFO  - jmeter.engine.StandardJMeterEngine: Test has ended 
